TpTrace Verbose: 0 : 28032, 1, 2022/11/27, 19:29:37.649, 42625827356, vstest.console.dll, Version: 17.3.0-release-20220708-01 Current process architecture: X64
TpTrace Verbose: 0 : 28032, 1, 2022/11/27, 19:29:37.651, 42625842117, vstest.console.dll, Runtime location: C:\Program Files\dotnet\shared\Microsoft.NETCore.App\6.0.8
TpTrace Information: 0 : 28032, 1, 2022/11/27, 19:29:37.660, 42625927993, vstest.console.dll, FilePatternParser: The given file C:\Users\justa\Desktop\APPAS\real\savings_app\savings_app_tests\bin\Debug\net6.0\fine-code-coverage\build-output\savings_app_tests.dll is a full path.
TpTrace Verbose: 0 : 28032, 1, 2022/11/27, 19:29:37.668, 42626017618, vstest.console.dll, TestPluginCache.DiscoverTestExtensions: finding test extensions in assemblies ends with: RuntimeProvider.dll TPluginInfo: Microsoft.VisualStudio.TestPlatform.Common.ExtensionFramework.Utilities.TestRuntimePluginInformation TExtension: Microsoft.VisualStudio.TestPlatform.ObjectModel.Host.ITestRuntimeProvider
TpTrace Verbose: 0 : 28032, 1, 2022/11/27, 19:29:37.669, 42626021368, vstest.console.dll, TestPluginCache.GetExtensionPaths: Filtered extension paths: 
TpTrace Verbose: 0 : 28032, 1, 2022/11/27, 19:29:37.669, 42626021985, vstest.console.dll, TestPluginCache.GetExtensionPaths: Added default extension paths: C:\Program Files\dotnet\sdk\6.0.400\Extensions\Microsoft.Diagnostics.NETCore.Client.dll
C:\Program Files\dotnet\sdk\6.0.400\Extensions\Microsoft.TestPlatform.Extensions.BlameDataCollector.dll
C:\Program Files\dotnet\sdk\6.0.400\Extensions\Microsoft.TestPlatform.Extensions.EventLogCollector.dll
C:\Program Files\dotnet\sdk\6.0.400\Extensions\Microsoft.TestPlatform.TestHostRuntimeProvider.dll
C:\Program Files\dotnet\sdk\6.0.400\Extensions\Microsoft.VisualStudio.TestPlatform.Extensions.Html.TestLogger.dll
C:\Program Files\dotnet\sdk\6.0.400\Extensions\Microsoft.VisualStudio.TestPlatform.Extensions.Trx.TestLogger.dll
TpTrace Verbose: 0 : 28032, 1, 2022/11/27, 19:29:37.669, 42626022267, vstest.console.dll, TestPluginCache.GetExtensionPaths: Added unfilterableExtensionPaths: 
TpTrace Information: 0 : 28032, 1, 2022/11/27, 19:29:37.669, 42626026904, vstest.console.dll, AssemblyResolver.ctor: Creating AssemblyResolver with searchDirectories C:\Program Files\dotnet\sdk\6.0.400\Extensions,C:\Program Files\dotnet\sdk\6.0.400
TpTrace Verbose: 0 : 28032, 1, 2022/11/27, 19:29:37.670, 42626032836, vstest.console.dll, TestPluginCache.DiscoverTestExtensions: Discovering the extensions using extension path.
TpTrace Verbose: 0 : 28032, 1, 2022/11/27, 19:29:37.670, 42626033652, vstest.console.dll, TestPluginCache.GetExtensionPaths: Filtered extension paths: 
TpTrace Verbose: 0 : 28032, 1, 2022/11/27, 19:29:37.670, 42626033925, vstest.console.dll, TestPluginCache.GetExtensionPaths: Added default extension paths: C:\Program Files\dotnet\sdk\6.0.400\Extensions\Microsoft.Diagnostics.NETCore.Client.dll
C:\Program Files\dotnet\sdk\6.0.400\Extensions\Microsoft.TestPlatform.Extensions.BlameDataCollector.dll
C:\Program Files\dotnet\sdk\6.0.400\Extensions\Microsoft.TestPlatform.Extensions.EventLogCollector.dll
C:\Program Files\dotnet\sdk\6.0.400\Extensions\Microsoft.TestPlatform.TestHostRuntimeProvider.dll
C:\Program Files\dotnet\sdk\6.0.400\Extensions\Microsoft.VisualStudio.TestPlatform.Extensions.Html.TestLogger.dll
C:\Program Files\dotnet\sdk\6.0.400\Extensions\Microsoft.VisualStudio.TestPlatform.Extensions.Trx.TestLogger.dll
TpTrace Verbose: 0 : 28032, 1, 2022/11/27, 19:29:37.670, 42626034155, vstest.console.dll, TestPluginCache.GetExtensionPaths: Added unfilterableExtensionPaths: 
TpTrace Verbose: 0 : 28032, 1, 2022/11/27, 19:29:37.670, 42626034679, vstest.console.dll, TestPluginCache.DiscoverTestExtensions: Discovering the extensions using allExtensionPaths: C:\Program Files\dotnet\sdk\6.0.400\Extensions\Microsoft.Diagnostics.NETCore.Client.dll
C:\Program Files\dotnet\sdk\6.0.400\Extensions\Microsoft.TestPlatform.Extensions.BlameDataCollector.dll
C:\Program Files\dotnet\sdk\6.0.400\Extensions\Microsoft.TestPlatform.Extensions.EventLogCollector.dll
C:\Program Files\dotnet\sdk\6.0.400\Extensions\Microsoft.TestPlatform.TestHostRuntimeProvider.dll
C:\Program Files\dotnet\sdk\6.0.400\Extensions\Microsoft.VisualStudio.TestPlatform.Extensions.Html.TestLogger.dll
C:\Program Files\dotnet\sdk\6.0.400\Extensions\Microsoft.VisualStudio.TestPlatform.Extensions.Trx.TestLogger.dll
TpTrace Information: 0 : 28032, 1, 2022/11/27, 19:29:37.670, 42626036173, vstest.console.dll, AssemblyResolver.AddSearchDirectories: Adding more searchDirectories C:\Program Files\dotnet\sdk\6.0.400\Extensions,C:\Program Files\dotnet\sdk\6.0.400
TpTrace Information: 0 : 28032, 1, 2022/11/27, 19:29:37.670, 42626036571, vstest.console.dll, AssemblyResolver.AddSearchDirectories: Adding more searchDirectories C:\Program Files\dotnet\sdk\6.0.400\Extensions,C:\Program Files\dotnet\sdk\6.0.400
TpTrace Information: 0 : 28032, 1, 2022/11/27, 19:29:37.670, 42626036926, vstest.console.dll, AssemblyResolver.AddSearchDirectories: Adding more searchDirectories C:\Program Files\dotnet\sdk\6.0.400\Extensions,C:\Program Files\dotnet\sdk\6.0.400
TpTrace Information: 0 : 28032, 1, 2022/11/27, 19:29:37.670, 42626037177, vstest.console.dll, AssemblyResolver.AddSearchDirectories: Adding more searchDirectories C:\Program Files\dotnet\sdk\6.0.400\Extensions,C:\Program Files\dotnet\sdk\6.0.400
TpTrace Information: 0 : 28032, 1, 2022/11/27, 19:29:37.670, 42626037369, vstest.console.dll, AssemblyResolver.AddSearchDirectories: Adding more searchDirectories C:\Program Files\dotnet\sdk\6.0.400\Extensions,C:\Program Files\dotnet\sdk\6.0.400
TpTrace Information: 0 : 28032, 1, 2022/11/27, 19:29:37.670, 42626037553, vstest.console.dll, AssemblyResolver.AddSearchDirectories: Adding more searchDirectories C:\Program Files\dotnet\sdk\6.0.400\Extensions,C:\Program Files\dotnet\sdk\6.0.400
TpTrace Information: 0 : 28032, 1, 2022/11/27, 19:29:37.671, 42626040889, vstest.console.dll, AssemblyResolver.OnResolve: Microsoft.Diagnostics.NETCore.Client: Resolving assembly.
TpTrace Information: 0 : 28032, 1, 2022/11/27, 19:29:37.671, 42626042789, vstest.console.dll, AssemblyResolver.OnResolve: Microsoft.Diagnostics.NETCore.Client: Searching in: 'C:\Program Files\dotnet\sdk\6.0.400\Extensions'.
TpTrace Information: 0 : 28032, 1, 2022/11/27, 19:29:37.672, 42626053761, vstest.console.dll, AssemblyResolver.OnResolve: Microsoft.Diagnostics.NETCore.Client: Loading assembly 'C:\Program Files\dotnet\sdk\6.0.400\Extensions\Microsoft.Diagnostics.NETCore.Client.dll'.
TpTrace Information: 0 : 28032, 1, 2022/11/27, 19:29:37.673, 42626067059, vstest.console.dll, AssemblyResolver.OnResolve: Resolved assembly: Microsoft.Diagnostics.NETCore.Client, from path: C:\Program Files\dotnet\sdk\6.0.400\Extensions\Microsoft.Diagnostics.NETCore.Client.dll
TpTrace Verbose: 0 : 28032, 1, 2022/11/27, 19:29:37.677, 42626107473, vstest.console.dll, MetadataReaderExtensionsHelper: Discovering extensions inside assembly 'Microsoft.Diagnostics.NETCore.Client, Version=0.2.5.801, Culture=neutral, PublicKeyToken=31bf3856ad364e35' file path 'C:\Program Files\dotnet\sdk\6.0.400\Extensions\Microsoft.Diagnostics.NETCore.Client.dll'
TpTrace Information: 0 : 28032, 1, 2022/11/27, 19:29:37.691, 42626243613, vstest.console.dll, AssemblyResolver.OnResolve: Microsoft.Bcl.AsyncInterfaces: Resolving assembly.
TpTrace Information: 0 : 28032, 1, 2022/11/27, 19:29:37.691, 42626244587, vstest.console.dll, AssemblyResolver.OnResolve: Microsoft.Bcl.AsyncInterfaces: Searching in: 'C:\Program Files\dotnet\sdk\6.0.400\Extensions'.
TpTrace Information: 0 : 28032, 1, 2022/11/27, 19:29:37.691, 42626245195, vstest.console.dll, AssemblyResolver.OnResolve: Microsoft.Bcl.AsyncInterfaces: Assembly path does not exist: 'C:\Program Files\dotnet\sdk\6.0.400\Extensions\Microsoft.Bcl.AsyncInterfaces.dll', returning.
TpTrace Information: 0 : 28032, 1, 2022/11/27, 19:29:37.691, 42626245578, vstest.console.dll, AssemblyResolver.OnResolve: Microsoft.Bcl.AsyncInterfaces: Assembly path does not exist: 'C:\Program Files\dotnet\sdk\6.0.400\Extensions\Microsoft.Bcl.AsyncInterfaces.exe', returning.
TpTrace Information: 0 : 28032, 1, 2022/11/27, 19:29:37.691, 42626246068, vstest.console.dll, AssemblyResolver.OnResolve: Microsoft.Bcl.AsyncInterfaces: Searching in: 'C:\Program Files\dotnet\sdk\6.0.400'.
TpTrace Information: 0 : 28032, 1, 2022/11/27, 19:29:37.691, 42626246494, vstest.console.dll, AssemblyResolver.OnResolve: Microsoft.Bcl.AsyncInterfaces: Assembly path does not exist: 'C:\Program Files\dotnet\sdk\6.0.400\Microsoft.Bcl.AsyncInterfaces.dll', returning.
TpTrace Information: 0 : 28032, 1, 2022/11/27, 19:29:37.691, 42626246896, vstest.console.dll, AssemblyResolver.OnResolve: Microsoft.Bcl.AsyncInterfaces: Assembly path does not exist: 'C:\Program Files\dotnet\sdk\6.0.400\Microsoft.Bcl.AsyncInterfaces.exe', returning.
TpTrace Information: 0 : 28032, 1, 2022/11/27, 19:29:37.691, 42626247096, vstest.console.dll, AssemblyResolver.OnResolve: Microsoft.Bcl.AsyncInterfaces: Failed to load assembly.
TpTrace Verbose: 0 : 28032, 1, 2022/11/27, 19:29:37.691, 42626247358, vstest.console.dll, CurrentDomainAssemblyResolve: Resolving assembly 'Microsoft.Bcl.AsyncInterfaces'.
TpTrace Information: 0 : 28032, 1, 2022/11/27, 19:29:37.691, 42626247776, vstest.console.dll, AssemblyResolver.OnResolve: Microsoft.Bcl.AsyncInterfaces: Resolving assembly.
TpTrace Information: 0 : 28032, 1, 2022/11/27, 19:29:37.692, 42626248047, vstest.console.dll, AssemblyResolver.OnResolve: Microsoft.Bcl.AsyncInterfaces: Resolved from cache.
TpTrace Verbose: 0 : 28032, 1, 2022/11/27, 19:29:37.692, 42626248289, vstest.console.dll, CurrentDomainAssemblyResolve: Resolving assembly 'Microsoft.Bcl.AsyncInterfaces'.
TpTrace Verbose: 0 : 28032, 1, 2022/11/27, 19:29:37.692, 42626248529, vstest.console.dll, CurrentDomainAssemblyResolve: Failed to resolve assembly 'Microsoft.Bcl.AsyncInterfaces'.
TpTrace Verbose: 0 : 28032, 1, 2022/11/27, 19:29:37.695, 42626287673, vstest.console.dll, CurrentDomainAssemblyResolve: Failed to resolve assembly 'Microsoft.Bcl.AsyncInterfaces'.
TpTrace Warning: 0 : 28032, 1, 2022/11/27, 19:29:37.717, 42626504931, vstest.console.dll, TestPluginDiscoverer: Failed to get types from assembly 'Microsoft.Diagnostics.NETCore.Client, Version=0.2.5.801, Culture=neutral, PublicKeyToken=31bf3856ad364e35'. Error: System.Reflection.ReflectionTypeLoadException: Unable to load one or more of the requested types.
Could not load file or assembly 'Microsoft.Bcl.AsyncInterfaces, Version=1.0.0.0, Culture=neutral, PublicKeyToken=cc7b13ffcd2ddd51'. The system cannot find the file specified.
   at System.Reflection.RuntimeModule.GetTypes(RuntimeModule module)
   at System.Reflection.Assembly.GetTypes()
   at Microsoft.VisualStudio.TestPlatform.Common.ExtensionFramework.TestPluginDiscoverer.GetTestExtensionsFromAssembly[TPluginInfo,TExtension](Assembly assembly, Dictionary`2 pluginInfos, String filePath)
System.IO.FileNotFoundException: Could not load file or assembly 'Microsoft.Bcl.AsyncInterfaces, Version=1.0.0.0, Culture=neutral, PublicKeyToken=cc7b13ffcd2ddd51'. The system cannot find the file specified.
File name: 'Microsoft.Bcl.AsyncInterfaces, Version=1.0.0.0, Culture=neutral, PublicKeyToken=cc7b13ffcd2ddd51'
 ---> System.IO.FileNotFoundException: Could not load file or assembly 'Microsoft.Bcl.AsyncInterfaces, Culture=neutral, PublicKeyToken=null'. The system cannot find the file specified.
File name: 'Microsoft.Bcl.AsyncInterfaces, Culture=neutral, PublicKeyToken=null'
   at System.Reflection.RuntimeAssembly.InternalLoad(ObjectHandleOnStack assemblyName, ObjectHandleOnStack requestingAssembly, StackCrawlMarkHandle stackMark, Boolean throwOnFileNotFound, ObjectHandleOnStack assemblyLoadContext, ObjectHandleOnStack retAssembly)
   at System.Reflection.RuntimeAssembly.InternalLoad(AssemblyName assemblyName, RuntimeAssembly requestingAssembly, StackCrawlMark& stackMark, Boolean throwOnFileNotFound, AssemblyLoadContext assemblyLoadContext)
   at System.Reflection.Assembly.Load(AssemblyName assemblyRef)
   at Microsoft.VisualStudio.TestPlatform.Common.ExtensionFramework.TestPluginCache.CurrentDomainAssemblyResolve(Object sender, AssemblyResolveEventArgs args)
   at Microsoft.VisualStudio.TestPlatform.PlatformAbstractions.PlatformAssemblyResolver.AssemblyResolverEvent(Object sender, Object eventArgs)
   at System.Runtime.Loader.AssemblyLoadContext.GetFirstResolvedAssemblyFromResolvingEvent(AssemblyName assemblyName)
   at System.Runtime.Loader.AssemblyLoadContext.ResolveUsingEvent(AssemblyName assemblyName)
   at System.Runtime.Loader.AssemblyLoadContext.ResolveUsingResolvingEvent(IntPtr gchManagedAssemblyLoadContext, AssemblyName assemblyName)
TpTrace Warning: 0 : 28032, 1, 2022/11/27, 19:29:37.718, 42626510534, vstest.console.dll, LoaderExceptions: System.IO.FileNotFoundException: Could not load file or assembly 'Microsoft.Bcl.AsyncInterfaces, Version=1.0.0.0, Culture=neutral, PublicKeyToken=cc7b13ffcd2ddd51'. The system cannot find the file specified.
File name: 'Microsoft.Bcl.AsyncInterfaces, Version=1.0.0.0, Culture=neutral, PublicKeyToken=cc7b13ffcd2ddd51'
 ---> System.IO.FileNotFoundException: Could not load file or assembly 'Microsoft.Bcl.AsyncInterfaces, Culture=neutral, PublicKeyToken=null'. The system cannot find the file specified.
File name: 'Microsoft.Bcl.AsyncInterfaces, Culture=neutral, PublicKeyToken=null'
   at System.Reflection.RuntimeAssembly.InternalLoad(ObjectHandleOnStack assemblyName, ObjectHandleOnStack requestingAssembly, StackCrawlMarkHandle stackMark, Boolean throwOnFileNotFound, ObjectHandleOnStack assemblyLoadContext, ObjectHandleOnStack retAssembly)
   at System.Reflection.RuntimeAssembly.InternalLoad(AssemblyName assemblyName, RuntimeAssembly requestingAssembly, StackCrawlMark& stackMark, Boolean throwOnFileNotFound, AssemblyLoadContext assemblyLoadContext)
   at System.Reflection.Assembly.Load(AssemblyName assemblyRef)
   at Microsoft.VisualStudio.TestPlatform.Common.ExtensionFramework.TestPluginCache.CurrentDomainAssemblyResolve(Object sender, AssemblyResolveEventArgs args)
   at Microsoft.VisualStudio.TestPlatform.PlatformAbstractions.PlatformAssemblyResolver.AssemblyResolverEvent(Object sender, Object eventArgs)
   at System.Runtime.Loader.AssemblyLoadContext.GetFirstResolvedAssemblyFromResolvingEvent(AssemblyName assemblyName)
   at System.Runtime.Loader.AssemblyLoadContext.ResolveUsingEvent(AssemblyName assemblyName)
   at System.Runtime.Loader.AssemblyLoadContext.ResolveUsingResolvingEvent(IntPtr gchManagedAssemblyLoadContext, AssemblyName assemblyName)
TpTrace Information: 0 : 28032, 1, 2022/11/27, 19:29:37.718, 42626511871, vstest.console.dll, AssemblyResolver.OnResolve: Microsoft.TestPlatform.Extensions.BlameDataCollector: Resolving assembly.
TpTrace Information: 0 : 28032, 1, 2022/11/27, 19:29:37.718, 42626512182, vstest.console.dll, AssemblyResolver.OnResolve: Microsoft.TestPlatform.Extensions.BlameDataCollector: Searching in: 'C:\Program Files\dotnet\sdk\6.0.400\Extensions'.
TpTrace Information: 0 : 28032, 1, 2022/11/27, 19:29:37.719, 42626519879, vstest.console.dll, AssemblyResolver.OnResolve: Microsoft.TestPlatform.Extensions.BlameDataCollector: Loading assembly 'C:\Program Files\dotnet\sdk\6.0.400\Extensions\Microsoft.TestPlatform.Extensions.BlameDataCollector.dll'.
TpTrace Information: 0 : 28032, 1, 2022/11/27, 19:29:37.720, 42626528666, vstest.console.dll, AssemblyResolver.OnResolve: Resolved assembly: Microsoft.TestPlatform.Extensions.BlameDataCollector, from path: C:\Program Files\dotnet\sdk\6.0.400\Extensions\Microsoft.TestPlatform.Extensions.BlameDataCollector.dll
TpTrace Verbose: 0 : 28032, 1, 2022/11/27, 19:29:37.720, 42626529768, vstest.console.dll, MetadataReaderExtensionsHelper: Discovering extensions inside assembly 'Microsoft.TestPlatform.Extensions.BlameDataCollector, Version=15.0.0.0, Culture=neutral, PublicKeyToken=b03f5f7f11d50a3a' file path 'C:\Program Files\dotnet\sdk\6.0.400\Extensions\Microsoft.TestPlatform.Extensions.BlameDataCollector.dll'
TpTrace Information: 0 : 28032, 1, 2022/11/27, 19:29:37.721, 42626546128, vstest.console.dll, AssemblyResolver.OnResolve: Microsoft.TestPlatform.Extensions.EventLogCollector: Resolving assembly.
TpTrace Information: 0 : 28032, 1, 2022/11/27, 19:29:37.721, 42626547086, vstest.console.dll, AssemblyResolver.OnResolve: Microsoft.TestPlatform.Extensions.EventLogCollector: Searching in: 'C:\Program Files\dotnet\sdk\6.0.400\Extensions'.
TpTrace Information: 0 : 28032, 1, 2022/11/27, 19:29:37.723, 42626558111, vstest.console.dll, AssemblyResolver.OnResolve: Microsoft.TestPlatform.Extensions.EventLogCollector: Loading assembly 'C:\Program Files\dotnet\sdk\6.0.400\Extensions\Microsoft.TestPlatform.Extensions.EventLogCollector.dll'.
TpTrace Information: 0 : 28032, 1, 2022/11/27, 19:29:37.723, 42626563050, vstest.console.dll, AssemblyResolver.OnResolve: Resolved assembly: Microsoft.TestPlatform.Extensions.EventLogCollector, from path: C:\Program Files\dotnet\sdk\6.0.400\Extensions\Microsoft.TestPlatform.Extensions.EventLogCollector.dll
TpTrace Verbose: 0 : 28032, 1, 2022/11/27, 19:29:37.723, 42626563723, vstest.console.dll, MetadataReaderExtensionsHelper: Discovering extensions inside assembly 'Microsoft.TestPlatform.Extensions.EventLogCollector, Version=15.0.0.0, Culture=neutral, PublicKeyToken=b03f5f7f11d50a3a' file path 'C:\Program Files\dotnet\sdk\6.0.400\Extensions\Microsoft.TestPlatform.Extensions.EventLogCollector.dll'
TpTrace Information: 0 : 28032, 1, 2022/11/27, 19:29:37.724, 42626576772, vstest.console.dll, AssemblyResolver.OnResolve: Microsoft.TestPlatform.TestHostRuntimeProvider: Resolving assembly.
TpTrace Information: 0 : 28032, 1, 2022/11/27, 19:29:37.724, 42626577382, vstest.console.dll, AssemblyResolver.OnResolve: Microsoft.TestPlatform.TestHostRuntimeProvider: Searching in: 'C:\Program Files\dotnet\sdk\6.0.400\Extensions'.
TpTrace Information: 0 : 28032, 1, 2022/11/27, 19:29:37.725, 42626583509, vstest.console.dll, AssemblyResolver.OnResolve: Microsoft.TestPlatform.TestHostRuntimeProvider: Loading assembly 'C:\Program Files\dotnet\sdk\6.0.400\Extensions\Microsoft.TestPlatform.TestHostRuntimeProvider.dll'.
TpTrace Information: 0 : 28032, 1, 2022/11/27, 19:29:37.726, 42626595155, vstest.console.dll, AssemblyResolver.OnResolve: Resolved assembly: Microsoft.TestPlatform.TestHostRuntimeProvider, from path: C:\Program Files\dotnet\sdk\6.0.400\Extensions\Microsoft.TestPlatform.TestHostRuntimeProvider.dll
TpTrace Verbose: 0 : 28032, 1, 2022/11/27, 19:29:37.726, 42626596041, vstest.console.dll, MetadataReaderExtensionsHelper: Discovering extensions inside assembly 'Microsoft.TestPlatform.TestHostRuntimeProvider, Version=15.0.0.0, Culture=neutral, PublicKeyToken=b03f5f7f11d50a3a' file path 'C:\Program Files\dotnet\sdk\6.0.400\Extensions\Microsoft.TestPlatform.TestHostRuntimeProvider.dll'
TpTrace Information: 0 : 28032, 1, 2022/11/27, 19:29:37.728, 42626609820, vstest.console.dll, GetTestExtensionFromType: Register extension with identifier data 'HostProvider://DefaultTestHost' and type 'Microsoft.VisualStudio.TestPlatform.CrossPlatEngine.Hosting.DefaultTestHostManager, Microsoft.TestPlatform.TestHostRuntimeProvider, Version=15.0.0.0, Culture=neutral, PublicKeyToken=b03f5f7f11d50a3a' inside file 'C:\Program Files\dotnet\sdk\6.0.400\Extensions\Microsoft.TestPlatform.TestHostRuntimeProvider.dll'
TpTrace Information: 0 : 28032, 1, 2022/11/27, 19:29:37.728, 42626610559, vstest.console.dll, GetTestExtensionFromType: Register extension with identifier data 'HostProvider://DotnetTestHost' and type 'Microsoft.VisualStudio.TestPlatform.CrossPlatEngine.Hosting.DotnetTestHostManager, Microsoft.TestPlatform.TestHostRuntimeProvider, Version=15.0.0.0, Culture=neutral, PublicKeyToken=b03f5f7f11d50a3a' inside file 'C:\Program Files\dotnet\sdk\6.0.400\Extensions\Microsoft.TestPlatform.TestHostRuntimeProvider.dll'
TpTrace Information: 0 : 28032, 1, 2022/11/27, 19:29:37.728, 42626611172, vstest.console.dll, AssemblyResolver.OnResolve: Microsoft.VisualStudio.TestPlatform.Extensions.Html.TestLogger: Resolving assembly.
TpTrace Information: 0 : 28032, 1, 2022/11/27, 19:29:37.728, 42626611428, vstest.console.dll, AssemblyResolver.OnResolve: Microsoft.VisualStudio.TestPlatform.Extensions.Html.TestLogger: Searching in: 'C:\Program Files\dotnet\sdk\6.0.400\Extensions'.
TpTrace Information: 0 : 28032, 1, 2022/11/27, 19:29:37.729, 42626618937, vstest.console.dll, AssemblyResolver.OnResolve: Microsoft.VisualStudio.TestPlatform.Extensions.Html.TestLogger: Loading assembly 'C:\Program Files\dotnet\sdk\6.0.400\Extensions\Microsoft.VisualStudio.TestPlatform.Extensions.Html.TestLogger.dll'.
TpTrace Information: 0 : 28032, 1, 2022/11/27, 19:29:37.729, 42626626446, vstest.console.dll, AssemblyResolver.OnResolve: Resolved assembly: Microsoft.VisualStudio.TestPlatform.Extensions.Html.TestLogger, from path: C:\Program Files\dotnet\sdk\6.0.400\Extensions\Microsoft.VisualStudio.TestPlatform.Extensions.Html.TestLogger.dll
TpTrace Verbose: 0 : 28032, 1, 2022/11/27, 19:29:37.729, 42626627110, vstest.console.dll, MetadataReaderExtensionsHelper: Discovering extensions inside assembly 'Microsoft.VisualStudio.TestPlatform.Extensions.Html.TestLogger, Version=15.0.0.0, Culture=neutral, PublicKeyToken=b03f5f7f11d50a3a' file path 'C:\Program Files\dotnet\sdk\6.0.400\Extensions\Microsoft.VisualStudio.TestPlatform.Extensions.Html.TestLogger.dll'
TpTrace Information: 0 : 28032, 1, 2022/11/27, 19:29:37.730, 42626632541, vstest.console.dll, AssemblyResolver.OnResolve: Microsoft.VisualStudio.TestPlatform.Extensions.Trx.TestLogger: Resolving assembly.
TpTrace Information: 0 : 28032, 1, 2022/11/27, 19:29:37.730, 42626632949, vstest.console.dll, AssemblyResolver.OnResolve: Microsoft.VisualStudio.TestPlatform.Extensions.Trx.TestLogger: Searching in: 'C:\Program Files\dotnet\sdk\6.0.400\Extensions'.
TpTrace Information: 0 : 28032, 1, 2022/11/27, 19:29:37.731, 42626642734, vstest.console.dll, AssemblyResolver.OnResolve: Microsoft.VisualStudio.TestPlatform.Extensions.Trx.TestLogger: Loading assembly 'C:\Program Files\dotnet\sdk\6.0.400\Extensions\Microsoft.VisualStudio.TestPlatform.Extensions.Trx.TestLogger.dll'.
TpTrace Information: 0 : 28032, 1, 2022/11/27, 19:29:37.732, 42626653517, vstest.console.dll, AssemblyResolver.OnResolve: Resolved assembly: Microsoft.VisualStudio.TestPlatform.Extensions.Trx.TestLogger, from path: C:\Program Files\dotnet\sdk\6.0.400\Extensions\Microsoft.VisualStudio.TestPlatform.Extensions.Trx.TestLogger.dll
TpTrace Verbose: 0 : 28032, 1, 2022/11/27, 19:29:37.732, 42626654241, vstest.console.dll, MetadataReaderExtensionsHelper: Discovering extensions inside assembly 'Microsoft.VisualStudio.TestPlatform.Extensions.Trx.TestLogger, Version=15.0.0.0, Culture=neutral, PublicKeyToken=b03f5f7f11d50a3a' file path 'C:\Program Files\dotnet\sdk\6.0.400\Extensions\Microsoft.VisualStudio.TestPlatform.Extensions.Trx.TestLogger.dll'
TpTrace Verbose: 0 : 28032, 1, 2022/11/27, 19:29:37.733, 42626662875, vstest.console.dll, TestPluginCache: Discovered the extensions using extension path ''.
TpTrace Verbose: 0 : 28032, 1, 2022/11/27, 19:29:37.733, 42626663308, vstest.console.dll, TestPluginCache: Discoverers are ''.
TpTrace Verbose: 0 : 28032, 1, 2022/11/27, 19:29:37.733, 42626663490, vstest.console.dll, TestPluginCache: Executors are ''.
TpTrace Verbose: 0 : 28032, 1, 2022/11/27, 19:29:37.733, 42626663673, vstest.console.dll, TestPluginCache: Executors2 are ''.
TpTrace Verbose: 0 : 28032, 1, 2022/11/27, 19:29:37.733, 42626663830, vstest.console.dll, TestPluginCache: Setting providers are ''.
TpTrace Verbose: 0 : 28032, 1, 2022/11/27, 19:29:37.733, 42626663980, vstest.console.dll, TestPluginCache: Loggers are ''.
TpTrace Verbose: 0 : 28032, 1, 2022/11/27, 19:29:37.733, 42626665053, vstest.console.dll, TestPluginCache: TestHosts are 'HostProvider://DefaultTestHost,HostProvider://DotnetTestHost'.
TpTrace Verbose: 0 : 28032, 1, 2022/11/27, 19:29:37.733, 42626665297, vstest.console.dll, TestPluginCache: DataCollectors are ''.
TpTrace Information: 0 : 28032, 1, 2022/11/27, 19:29:37.750, 42626835745, vstest.console.dll, RunTestsArgumentProcessor:Execute: Test run is starting.
TpTrace Verbose: 0 : 28032, 1, 2022/11/27, 19:29:37.750, 42626836381, vstest.console.dll, RunTestsArgumentProcessor:Execute: Queuing Test run.
TpTrace Information: 0 : 28032, 1, 2022/11/27, 19:29:37.751, 42626838115, vstest.console.dll, TestRequestManager.RunTests: run tests started.
TpTrace Information: 0 : 28032, 1, 2022/11/27, 19:29:37.752, 42626848842, vstest.console.dll, AssemblyMetadataProvider.GetFrameworkName: Determined framework:'.NETCoreApp,Version=v6.0' for source: 'C:\Users\justa\Desktop\APPAS\real\savings_app\savings_app_tests\bin\Debug\net6.0\fine-code-coverage\build-output\savings_app_tests.dll'
TpTrace Information: 0 : 28032, 1, 2022/11/27, 19:29:37.752, 42626850066, vstest.console.dll, Determined framework for all sources: .NETCoreApp,Version=v6.0
TpTrace Verbose: 0 : 28032, 1, 2022/11/27, 19:29:37.752, 42626853999, vstest.console.dll, TestRequestManager.UpdateRunSettingsIfRequired: Default architecture: X64 IsDefaultTargetArchitecture: True, Current process architecture: X64 OperatingSystem: Windows.
TpTrace Information: 0 : 28032, 1, 2022/11/27, 19:29:37.754, 42626876660, vstest.console.dll, AssemblyMetadataProvider.GetArchitecture: Determined architecture:AnyCPU info for assembly: C:\Users\justa\Desktop\APPAS\real\savings_app\savings_app_tests\bin\Debug\net6.0\fine-code-coverage\build-output\savings_app_tests.dll
TpTrace Information: 0 : 28032, 1, 2022/11/27, 19:29:37.754, 42626877405, vstest.console.dll, Determined platform for source 'C:\Users\justa\Desktop\APPAS\real\savings_app\savings_app_tests\bin\Debug\net6.0\fine-code-coverage\build-output\savings_app_tests.dll' was AnyCPU and it will use the default plaform X64.
TpTrace Information: 0 : 28032, 1, 2022/11/27, 19:29:37.754, 42626877645, vstest.console.dll, None of the sources provided any runnable platform, using the default platform: X64
TpTrace Information: 0 : 28032, 1, 2022/11/27, 19:29:37.755, 42626878920, vstest.console.dll, Platform was updated to 'X64'.
TpTrace Information: 0 : 28032, 1, 2022/11/27, 19:29:37.760, 42626935017, vstest.console.dll, InferRunSettingsHelper.IsTestSettingsEnabled: Unable to navigate to RunSettings/MSTest. Current node: RunSettings
TpTrace Information: 0 : 28032, 1, 2022/11/27, 19:29:37.761, 42626940061, vstest.console.dll, AssemblyResolver.OnResolve: Microsoft.VisualStudio.TestPlatform.Fakes: Resolving assembly.
TpTrace Information: 0 : 28032, 1, 2022/11/27, 19:29:37.761, 42626940550, vstest.console.dll, AssemblyResolver.OnResolve: Microsoft.VisualStudio.TestPlatform.Fakes: Searching in: 'C:\Program Files\dotnet\sdk\6.0.400\Extensions'.
TpTrace Information: 0 : 28032, 1, 2022/11/27, 19:29:37.761, 42626941083, vstest.console.dll, AssemblyResolver.OnResolve: Microsoft.VisualStudio.TestPlatform.Fakes: Assembly path does not exist: 'C:\Program Files\dotnet\sdk\6.0.400\Extensions\Microsoft.VisualStudio.TestPlatform.Fakes.dll', returning.
TpTrace Information: 0 : 28032, 1, 2022/11/27, 19:29:37.761, 42626941480, vstest.console.dll, AssemblyResolver.OnResolve: Microsoft.VisualStudio.TestPlatform.Fakes: Assembly path does not exist: 'C:\Program Files\dotnet\sdk\6.0.400\Extensions\Microsoft.VisualStudio.TestPlatform.Fakes.exe', returning.
TpTrace Information: 0 : 28032, 1, 2022/11/27, 19:29:37.761, 42626941688, vstest.console.dll, AssemblyResolver.OnResolve: Microsoft.VisualStudio.TestPlatform.Fakes: Searching in: 'C:\Program Files\dotnet\sdk\6.0.400'.
TpTrace Information: 0 : 28032, 1, 2022/11/27, 19:29:37.761, 42626942090, vstest.console.dll, AssemblyResolver.OnResolve: Microsoft.VisualStudio.TestPlatform.Fakes: Assembly path does not exist: 'C:\Program Files\dotnet\sdk\6.0.400\Microsoft.VisualStudio.TestPlatform.Fakes.dll', returning.
TpTrace Information: 0 : 28032, 1, 2022/11/27, 19:29:37.761, 42626942461, vstest.console.dll, AssemblyResolver.OnResolve: Microsoft.VisualStudio.TestPlatform.Fakes: Assembly path does not exist: 'C:\Program Files\dotnet\sdk\6.0.400\Microsoft.VisualStudio.TestPlatform.Fakes.exe', returning.
TpTrace Information: 0 : 28032, 1, 2022/11/27, 19:29:37.761, 42626942659, vstest.console.dll, AssemblyResolver.OnResolve: Microsoft.VisualStudio.TestPlatform.Fakes: Failed to load assembly.
TpTrace Information: 0 : 28032, 1, 2022/11/27, 19:29:37.761, 42626944555, vstest.console.dll, Failed to load assembly Microsoft.VisualStudio.TestPlatform.Fakes, Version=17.0.0.0, Culture=neutral. Reason:System.IO.FileNotFoundException: Could not load file or assembly 'Microsoft.VisualStudio.TestPlatform.Fakes, Version=17.0.0.0, Culture=neutral, PublicKeyToken=null'. The system cannot find the file specified.
File name: 'Microsoft.VisualStudio.TestPlatform.Fakes, Version=17.0.0.0, Culture=neutral, PublicKeyToken=null'
   at System.Reflection.RuntimeAssembly.InternalLoad(ObjectHandleOnStack assemblyName, ObjectHandleOnStack requestingAssembly, StackCrawlMarkHandle stackMark, Boolean throwOnFileNotFound, ObjectHandleOnStack assemblyLoadContext, ObjectHandleOnStack retAssembly)
   at System.Reflection.RuntimeAssembly.InternalLoad(AssemblyName assemblyName, RuntimeAssembly requestingAssembly, StackCrawlMark& stackMark, Boolean throwOnFileNotFound, AssemblyLoadContext assemblyLoadContext)
   at System.Reflection.Assembly.Load(AssemblyName assemblyRef)
   at Microsoft.VisualStudio.TestPlatform.Common.Utilities.FakesUtilities.LoadTestPlatformAssembly()
TpTrace Verbose: 0 : 28032, 1, 2022/11/27, 19:29:37.764, 42626974010, vstest.console.dll, TestPluginCache.DiscoverTestExtensions: finding test extensions in assemblies ends with: TestLogger.dll TPluginInfo: Microsoft.VisualStudio.TestPlatform.Common.ExtensionFramework.Utilities.TestLoggerPluginInformation TExtension: Microsoft.VisualStudio.TestPlatform.ObjectModel.Client.ITestLogger
TpTrace Verbose: 0 : 28032, 1, 2022/11/27, 19:29:37.764, 42626974725, vstest.console.dll, TestPluginCache.GetExtensionPaths: Filtered extension paths: 
TpTrace Verbose: 0 : 28032, 1, 2022/11/27, 19:29:37.764, 42626974978, vstest.console.dll, TestPluginCache.GetExtensionPaths: Added default extension paths: C:\Program Files\dotnet\sdk\6.0.400\Extensions\Microsoft.Diagnostics.NETCore.Client.dll
C:\Program Files\dotnet\sdk\6.0.400\Extensions\Microsoft.TestPlatform.Extensions.BlameDataCollector.dll
C:\Program Files\dotnet\sdk\6.0.400\Extensions\Microsoft.TestPlatform.Extensions.EventLogCollector.dll
C:\Program Files\dotnet\sdk\6.0.400\Extensions\Microsoft.TestPlatform.TestHostRuntimeProvider.dll
C:\Program Files\dotnet\sdk\6.0.400\Extensions\Microsoft.VisualStudio.TestPlatform.Extensions.Html.TestLogger.dll
C:\Program Files\dotnet\sdk\6.0.400\Extensions\Microsoft.VisualStudio.TestPlatform.Extensions.Trx.TestLogger.dll
TpTrace Verbose: 0 : 28032, 1, 2022/11/27, 19:29:37.764, 42626975172, vstest.console.dll, TestPluginCache.GetExtensionPaths: Added unfilterableExtensionPaths: 
TpTrace Information: 0 : 28032, 1, 2022/11/27, 19:29:37.764, 42626975996, vstest.console.dll, AssemblyResolver.AddSearchDirectories: Adding more searchDirectories C:\Program Files\dotnet\sdk\6.0.400\Extensions,C:\Program Files\dotnet\sdk\6.0.400
TpTrace Verbose: 0 : 28032, 1, 2022/11/27, 19:29:37.764, 42626976314, vstest.console.dll, TestPluginCache.DiscoverTestExtensions: Discovering the extensions using extension path.
TpTrace Verbose: 0 : 28032, 1, 2022/11/27, 19:29:37.764, 42626976565, vstest.console.dll, TestPluginCache.GetExtensionPaths: Filtered extension paths: 
TpTrace Verbose: 0 : 28032, 1, 2022/11/27, 19:29:37.764, 42626976816, vstest.console.dll, TestPluginCache.GetExtensionPaths: Added default extension paths: C:\Program Files\dotnet\sdk\6.0.400\Extensions\Microsoft.Diagnostics.NETCore.Client.dll
C:\Program Files\dotnet\sdk\6.0.400\Extensions\Microsoft.TestPlatform.Extensions.BlameDataCollector.dll
C:\Program Files\dotnet\sdk\6.0.400\Extensions\Microsoft.TestPlatform.Extensions.EventLogCollector.dll
C:\Program Files\dotnet\sdk\6.0.400\Extensions\Microsoft.TestPlatform.TestHostRuntimeProvider.dll
C:\Program Files\dotnet\sdk\6.0.400\Extensions\Microsoft.VisualStudio.TestPlatform.Extensions.Html.TestLogger.dll
C:\Program Files\dotnet\sdk\6.0.400\Extensions\Microsoft.VisualStudio.TestPlatform.Extensions.Trx.TestLogger.dll
TpTrace Verbose: 0 : 28032, 1, 2022/11/27, 19:29:37.764, 42626976999, vstest.console.dll, TestPluginCache.GetExtensionPaths: Added unfilterableExtensionPaths: 
TpTrace Verbose: 0 : 28032, 1, 2022/11/27, 19:29:37.764, 42626977209, vstest.console.dll, TestPluginCache.DiscoverTestExtensions: Discovering the extensions using allExtensionPaths: C:\Program Files\dotnet\sdk\6.0.400\Extensions\Microsoft.Diagnostics.NETCore.Client.dll
C:\Program Files\dotnet\sdk\6.0.400\Extensions\Microsoft.TestPlatform.Extensions.BlameDataCollector.dll
C:\Program Files\dotnet\sdk\6.0.400\Extensions\Microsoft.TestPlatform.Extensions.EventLogCollector.dll
C:\Program Files\dotnet\sdk\6.0.400\Extensions\Microsoft.TestPlatform.TestHostRuntimeProvider.dll
C:\Program Files\dotnet\sdk\6.0.400\Extensions\Microsoft.VisualStudio.TestPlatform.Extensions.Html.TestLogger.dll
C:\Program Files\dotnet\sdk\6.0.400\Extensions\Microsoft.VisualStudio.TestPlatform.Extensions.Trx.TestLogger.dll
TpTrace Information: 0 : 28032, 1, 2022/11/27, 19:29:37.765, 42626977820, vstest.console.dll, AssemblyResolver.AddSearchDirectories: Adding more searchDirectories C:\Program Files\dotnet\sdk\6.0.400\Extensions,C:\Program Files\dotnet\sdk\6.0.400
TpTrace Information: 0 : 28032, 1, 2022/11/27, 19:29:37.765, 42626978133, vstest.console.dll, AssemblyResolver.AddSearchDirectories: Adding more searchDirectories C:\Program Files\dotnet\sdk\6.0.400\Extensions,C:\Program Files\dotnet\sdk\6.0.400
TpTrace Information: 0 : 28032, 1, 2022/11/27, 19:29:37.765, 42626978336, vstest.console.dll, AssemblyResolver.AddSearchDirectories: Adding more searchDirectories C:\Program Files\dotnet\sdk\6.0.400\Extensions,C:\Program Files\dotnet\sdk\6.0.400
TpTrace Information: 0 : 28032, 1, 2022/11/27, 19:29:37.765, 42626978526, vstest.console.dll, AssemblyResolver.AddSearchDirectories: Adding more searchDirectories C:\Program Files\dotnet\sdk\6.0.400\Extensions,C:\Program Files\dotnet\sdk\6.0.400
TpTrace Information: 0 : 28032, 1, 2022/11/27, 19:29:37.765, 42626978739, vstest.console.dll, AssemblyResolver.AddSearchDirectories: Adding more searchDirectories C:\Program Files\dotnet\sdk\6.0.400\Extensions,C:\Program Files\dotnet\sdk\6.0.400
TpTrace Information: 0 : 28032, 1, 2022/11/27, 19:29:37.765, 42626978934, vstest.console.dll, AssemblyResolver.AddSearchDirectories: Adding more searchDirectories C:\Program Files\dotnet\sdk\6.0.400\Extensions,C:\Program Files\dotnet\sdk\6.0.400
TpTrace Verbose: 0 : 28032, 1, 2022/11/27, 19:29:37.765, 42626979886, vstest.console.dll, MetadataReaderExtensionsHelper: Discovering extensions inside assembly 'Microsoft.Diagnostics.NETCore.Client, Version=0.2.5.801, Culture=neutral, PublicKeyToken=31bf3856ad364e35' file path 'C:\Program Files\dotnet\sdk\6.0.400\Extensions\Microsoft.Diagnostics.NETCore.Client.dll'
TpTrace Information: 0 : 28032, 1, 2022/11/27, 19:29:37.765, 42626982659, vstest.console.dll, AssemblyResolver.OnResolve: Microsoft.Bcl.AsyncInterfaces: Resolving assembly.
TpTrace Information: 0 : 28032, 1, 2022/11/27, 19:29:37.765, 42626982949, vstest.console.dll, AssemblyResolver.OnResolve: Microsoft.Bcl.AsyncInterfaces: Resolved from cache.
TpTrace Verbose: 0 : 28032, 1, 2022/11/27, 19:29:37.765, 42626983162, vstest.console.dll, CurrentDomainAssemblyResolve: Resolving assembly 'Microsoft.Bcl.AsyncInterfaces'.
TpTrace Information: 0 : 28032, 1, 2022/11/27, 19:29:37.765, 42626983469, vstest.console.dll, AssemblyResolver.OnResolve: Microsoft.Bcl.AsyncInterfaces: Resolving assembly.
TpTrace Information: 0 : 28032, 1, 2022/11/27, 19:29:37.765, 42626983661, vstest.console.dll, AssemblyResolver.OnResolve: Microsoft.Bcl.AsyncInterfaces: Resolved from cache.
TpTrace Verbose: 0 : 28032, 1, 2022/11/27, 19:29:37.765, 42626983866, vstest.console.dll, CurrentDomainAssemblyResolve: Resolving assembly 'Microsoft.Bcl.AsyncInterfaces'.
TpTrace Verbose: 0 : 28032, 1, 2022/11/27, 19:29:37.765, 42626984039, vstest.console.dll, CurrentDomainAssemblyResolve: Failed to resolve assembly 'Microsoft.Bcl.AsyncInterfaces'.
TpTrace Verbose: 0 : 28032, 1, 2022/11/27, 19:29:37.765, 42626985124, vstest.console.dll, CurrentDomainAssemblyResolve: Failed to resolve assembly 'Microsoft.Bcl.AsyncInterfaces'.
TpTrace Warning: 0 : 28032, 1, 2022/11/27, 19:29:37.765, 42626987629, vstest.console.dll, TestPluginDiscoverer: Failed to get types from assembly 'Microsoft.Diagnostics.NETCore.Client, Version=0.2.5.801, Culture=neutral, PublicKeyToken=31bf3856ad364e35'. Error: System.Reflection.ReflectionTypeLoadException: Unable to load one or more of the requested types.
Could not load file or assembly 'Microsoft.Bcl.AsyncInterfaces, Version=1.0.0.0, Culture=neutral, PublicKeyToken=cc7b13ffcd2ddd51'. The system cannot find the file specified.
   at System.Reflection.RuntimeModule.GetTypes(RuntimeModule module)
   at System.Reflection.Assembly.GetTypes()
   at Microsoft.VisualStudio.TestPlatform.Common.ExtensionFramework.TestPluginDiscoverer.GetTestExtensionsFromAssembly[TPluginInfo,TExtension](Assembly assembly, Dictionary`2 pluginInfos, String filePath)
System.IO.FileNotFoundException: Could not load file or assembly 'Microsoft.Bcl.AsyncInterfaces, Version=1.0.0.0, Culture=neutral, PublicKeyToken=cc7b13ffcd2ddd51'. The system cannot find the file specified.
File name: 'Microsoft.Bcl.AsyncInterfaces, Version=1.0.0.0, Culture=neutral, PublicKeyToken=cc7b13ffcd2ddd51'
 ---> System.IO.FileNotFoundException: Could not load file or assembly 'Microsoft.Bcl.AsyncInterfaces, Culture=neutral, PublicKeyToken=null'. The system cannot find the file specified.
File name: 'Microsoft.Bcl.AsyncInterfaces, Culture=neutral, PublicKeyToken=null'
   at System.Reflection.RuntimeAssembly.InternalLoad(ObjectHandleOnStack assemblyName, ObjectHandleOnStack requestingAssembly, StackCrawlMarkHandle stackMark, Boolean throwOnFileNotFound, ObjectHandleOnStack assemblyLoadContext, ObjectHandleOnStack retAssembly)
   at System.Reflection.RuntimeAssembly.InternalLoad(AssemblyName assemblyName, RuntimeAssembly requestingAssembly, StackCrawlMark& stackMark, Boolean throwOnFileNotFound, AssemblyLoadContext assemblyLoadContext)
   at System.Reflection.Assembly.Load(AssemblyName assemblyRef)
   at Microsoft.VisualStudio.TestPlatform.Common.ExtensionFramework.TestPluginCache.CurrentDomainAssemblyResolve(Object sender, AssemblyResolveEventArgs args)
   at Microsoft.VisualStudio.TestPlatform.PlatformAbstractions.PlatformAssemblyResolver.AssemblyResolverEvent(Object sender, Object eventArgs)
   at System.Runtime.Loader.AssemblyLoadContext.GetFirstResolvedAssemblyFromResolvingEvent(AssemblyName assemblyName)
   at System.Runtime.Loader.AssemblyLoadContext.ResolveUsingEvent(AssemblyName assemblyName)
   at System.Runtime.Loader.AssemblyLoadContext.ResolveUsingResolvingEvent(IntPtr gchManagedAssemblyLoadContext, AssemblyName assemblyName)
TpTrace Warning: 0 : 28032, 1, 2022/11/27, 19:29:37.766, 42626989084, vstest.console.dll, LoaderExceptions: System.IO.FileNotFoundException: Could not load file or assembly 'Microsoft.Bcl.AsyncInterfaces, Version=1.0.0.0, Culture=neutral, PublicKeyToken=cc7b13ffcd2ddd51'. The system cannot find the file specified.
File name: 'Microsoft.Bcl.AsyncInterfaces, Version=1.0.0.0, Culture=neutral, PublicKeyToken=cc7b13ffcd2ddd51'
 ---> System.IO.FileNotFoundException: Could not load file or assembly 'Microsoft.Bcl.AsyncInterfaces, Culture=neutral, PublicKeyToken=null'. The system cannot find the file specified.
File name: 'Microsoft.Bcl.AsyncInterfaces, Culture=neutral, PublicKeyToken=null'
   at System.Reflection.RuntimeAssembly.InternalLoad(ObjectHandleOnStack assemblyName, ObjectHandleOnStack requestingAssembly, StackCrawlMarkHandle stackMark, Boolean throwOnFileNotFound, ObjectHandleOnStack assemblyLoadContext, ObjectHandleOnStack retAssembly)
   at System.Reflection.RuntimeAssembly.InternalLoad(AssemblyName assemblyName, RuntimeAssembly requestingAssembly, StackCrawlMark& stackMark, Boolean throwOnFileNotFound, AssemblyLoadContext assemblyLoadContext)
   at System.Reflection.Assembly.Load(AssemblyName assemblyRef)
   at Microsoft.VisualStudio.TestPlatform.Common.ExtensionFramework.TestPluginCache.CurrentDomainAssemblyResolve(Object sender, AssemblyResolveEventArgs args)
   at Microsoft.VisualStudio.TestPlatform.PlatformAbstractions.PlatformAssemblyResolver.AssemblyResolverEvent(Object sender, Object eventArgs)
   at System.Runtime.Loader.AssemblyLoadContext.GetFirstResolvedAssemblyFromResolvingEvent(AssemblyName assemblyName)
   at System.Runtime.Loader.AssemblyLoadContext.ResolveUsingEvent(AssemblyName assemblyName)
   at System.Runtime.Loader.AssemblyLoadContext.ResolveUsingResolvingEvent(IntPtr gchManagedAssemblyLoadContext, AssemblyName assemblyName)
TpTrace Verbose: 0 : 28032, 1, 2022/11/27, 19:29:37.766, 42626989837, vstest.console.dll, MetadataReaderExtensionsHelper: Discovering extensions inside assembly 'Microsoft.TestPlatform.Extensions.BlameDataCollector, Version=15.0.0.0, Culture=neutral, PublicKeyToken=b03f5f7f11d50a3a' file path 'C:\Program Files\dotnet\sdk\6.0.400\Extensions\Microsoft.TestPlatform.Extensions.BlameDataCollector.dll'
TpTrace Information: 0 : 28032, 1, 2022/11/27, 19:29:37.766, 42626992945, vstest.console.dll, GetTestExtensionFromType: Register extension with identifier data 'logger://Microsoft/TestPlatform/Extensions/Blame/v1' and type 'Microsoft.TestPlatform.Extensions.BlameDataCollector.BlameLogger, Microsoft.TestPlatform.Extensions.BlameDataCollector, Version=15.0.0.0, Culture=neutral, PublicKeyToken=b03f5f7f11d50a3a' inside file 'C:\Program Files\dotnet\sdk\6.0.400\Extensions\Microsoft.TestPlatform.Extensions.BlameDataCollector.dll'
TpTrace Verbose: 0 : 28032, 1, 2022/11/27, 19:29:37.766, 42626993403, vstest.console.dll, MetadataReaderExtensionsHelper: Discovering extensions inside assembly 'Microsoft.TestPlatform.Extensions.EventLogCollector, Version=15.0.0.0, Culture=neutral, PublicKeyToken=b03f5f7f11d50a3a' file path 'C:\Program Files\dotnet\sdk\6.0.400\Extensions\Microsoft.TestPlatform.Extensions.EventLogCollector.dll'
TpTrace Verbose: 0 : 28032, 1, 2022/11/27, 19:29:37.766, 42626995191, vstest.console.dll, MetadataReaderExtensionsHelper: Discovering extensions inside assembly 'Microsoft.TestPlatform.TestHostRuntimeProvider, Version=15.0.0.0, Culture=neutral, PublicKeyToken=b03f5f7f11d50a3a' file path 'C:\Program Files\dotnet\sdk\6.0.400\Extensions\Microsoft.TestPlatform.TestHostRuntimeProvider.dll'
TpTrace Verbose: 0 : 28032, 1, 2022/11/27, 19:29:37.766, 42626997040, vstest.console.dll, MetadataReaderExtensionsHelper: Discovering extensions inside assembly 'Microsoft.VisualStudio.TestPlatform.Extensions.Html.TestLogger, Version=15.0.0.0, Culture=neutral, PublicKeyToken=b03f5f7f11d50a3a' file path 'C:\Program Files\dotnet\sdk\6.0.400\Extensions\Microsoft.VisualStudio.TestPlatform.Extensions.Html.TestLogger.dll'
TpTrace Information: 0 : 28032, 1, 2022/11/27, 19:29:37.767, 42626999219, vstest.console.dll, GetTestExtensionFromType: Register extension with identifier data 'logger://Microsoft/TestPlatform/HtmlLogger/v1' and type 'Microsoft.VisualStudio.TestPlatform.Extensions.HtmlLogger.HtmlLogger, Microsoft.VisualStudio.TestPlatform.Extensions.Html.TestLogger, Version=15.0.0.0, Culture=neutral, PublicKeyToken=b03f5f7f11d50a3a' inside file 'C:\Program Files\dotnet\sdk\6.0.400\Extensions\Microsoft.VisualStudio.TestPlatform.Extensions.Html.TestLogger.dll'
TpTrace Verbose: 0 : 28032, 1, 2022/11/27, 19:29:37.767, 42626999642, vstest.console.dll, MetadataReaderExtensionsHelper: Discovering extensions inside assembly 'Microsoft.VisualStudio.TestPlatform.Extensions.Trx.TestLogger, Version=15.0.0.0, Culture=neutral, PublicKeyToken=b03f5f7f11d50a3a' file path 'C:\Program Files\dotnet\sdk\6.0.400\Extensions\Microsoft.VisualStudio.TestPlatform.Extensions.Trx.TestLogger.dll'
TpTrace Information: 0 : 28032, 1, 2022/11/27, 19:29:37.767, 42627002043, vstest.console.dll, GetTestExtensionFromType: Register extension with identifier data 'logger://Microsoft/TestPlatform/TrxLogger/v1' and type 'Microsoft.VisualStudio.TestPlatform.Extensions.TrxLogger.TrxLogger, Microsoft.VisualStudio.TestPlatform.Extensions.Trx.TestLogger, Version=15.0.0.0, Culture=neutral, PublicKeyToken=b03f5f7f11d50a3a' inside file 'C:\Program Files\dotnet\sdk\6.0.400\Extensions\Microsoft.VisualStudio.TestPlatform.Extensions.Trx.TestLogger.dll'
TpTrace Verbose: 0 : 28032, 1, 2022/11/27, 19:29:37.767, 42627002551, vstest.console.dll, TestPluginCache: Discovered the extensions using extension path ''.
TpTrace Verbose: 0 : 28032, 1, 2022/11/27, 19:29:37.767, 42627002799, vstest.console.dll, TestPluginCache: Discoverers are ''.
TpTrace Verbose: 0 : 28032, 1, 2022/11/27, 19:29:37.767, 42627002986, vstest.console.dll, TestPluginCache: Executors are ''.
TpTrace Verbose: 0 : 28032, 1, 2022/11/27, 19:29:37.767, 42627003151, vstest.console.dll, TestPluginCache: Executors2 are ''.
TpTrace Verbose: 0 : 28032, 1, 2022/11/27, 19:29:37.767, 42627003308, vstest.console.dll, TestPluginCache: Setting providers are ''.
TpTrace Verbose: 0 : 28032, 1, 2022/11/27, 19:29:37.767, 42627003866, vstest.console.dll, TestPluginCache: Loggers are 'logger://Microsoft/TestPlatform/Extensions/Blame/v1,logger://Microsoft/TestPlatform/HtmlLogger/v1,logger://Microsoft/TestPlatform/TrxLogger/v1'.
TpTrace Verbose: 0 : 28032, 1, 2022/11/27, 19:29:37.767, 42627004215, vstest.console.dll, TestPluginCache: TestHosts are 'HostProvider://DefaultTestHost,HostProvider://DotnetTestHost'.
TpTrace Verbose: 0 : 28032, 1, 2022/11/27, 19:29:37.767, 42627004408, vstest.console.dll, TestPluginCache: DataCollectors are ''.
TpTrace Information: 0 : 28032, 1, 2022/11/27, 19:29:37.768, 42627009487, vstest.console.dll, TestPluginManager.CreateTestExtension: Attempting to load test extension: Microsoft.TestPlatform.Extensions.BlameDataCollector.BlameLogger
TpTrace Verbose: 0 : 28032, 1, 2022/11/27, 19:29:37.772, 42627053457, vstest.console.dll, TestEngine: Initializing Parallel Execution as MaxCpuCount is set to: 1
TpTrace Information: 0 : 28032, 1, 2022/11/27, 19:29:37.774, 42627069672, vstest.console.dll, TestPluginManager.CreateTestExtension: Attempting to load test extension: Microsoft.VisualStudio.TestPlatform.CrossPlatEngine.Hosting.DefaultTestHostManager
TpTrace Information: 0 : 28032, 1, 2022/11/27, 19:29:37.774, 42627074445, vstest.console.dll, TestPluginManager.CreateTestExtension: Attempting to load test extension: Microsoft.VisualStudio.TestPlatform.CrossPlatEngine.Hosting.DotnetTestHostManager
TpTrace Information: 0 : 28032, 1, 2022/11/27, 19:29:37.775, 42627078286, vstest.console.dll, InferRunSettingsHelper.IsTestSettingsEnabled: Unable to navigate to RunSettings/MSTest. Current node: RunSettings
TpTrace Verbose: 0 : 28032, 1, 2022/11/27, 19:29:37.779, 42627118280, vstest.console.dll, TestEngine.GetExecutionManager: Chosen execution manager 'Microsoft.VisualStudio.TestPlatform.CrossPlatEngine.Client.Parallel.ParallelProxyExecutionManager, Microsoft.TestPlatform.CrossPlatEngine, Version=15.0.0.0, Culture=neutral, PublicKeyToken=b03f5f7f11d50a3a' ParallelLevel '1'.
TpTrace Verbose: 0 : 28032, 1, 2022/11/27, 19:29:37.779, 42627119470, vstest.console.dll, TestRunRequest.ExecuteAsync: Creating test run request.
TpTrace Verbose: 0 : 28032, 1, 2022/11/27, 19:29:37.779, 42627121127, vstest.console.dll, TestRunRequest.ExecuteAsync: Starting.
TpTrace Information: 0 : 28032, 1, 2022/11/27, 19:29:37.779, 42627123542, vstest.console.dll, TestRunRequest.ExecuteAsync: Starting run with settings:TestRunCriteria:
   KeepAlive=False,FrequencyOfRunStatsChangeEvent=10,RunStatsChangeEventTimeout=00:00:01.5000000,TestCaseFilter=,TestExecutorLauncher=
   Settingsxml=<RunSettings>
  <RunConfiguration>
    <ResultsDirectory>C:\Users\justa\Desktop\APPAS\real\savings_app\savings_app_tests\bin\Debug\net6.0\fine-code-coverage\coverage-tool-output</ResultsDirectory>
    <TargetPlatform>X64</TargetPlatform>
    <TargetFrameworkVersion>.NETCoreApp,Version=v6.0</TargetFrameworkVersion>
    <DesignMode>False</DesignMode>
    <CollectSourceInformation>False</CollectSourceInformation>
  </RunConfiguration>
  <LoggerRunSettings>
    <Loggers>
      <Logger friendlyName="blame" enabled="True" />
      <Logger friendlyName="Console" uri="logger://microsoft/TestPlatform/ConsoleLogger/v1" assemblyQualifiedName="Microsoft.VisualStudio.TestPlatform.CommandLine.Internal.ConsoleLogger, vstest.console, Version=15.0.0.0, Culture=neutral, PublicKeyToken=b03f5f7f11d50a3a" codeBase="C:\Program Files\dotnet\sdk\6.0.400\vstest.console.dll" enabled="True" />
    </Loggers>
  </LoggerRunSettings>
  <DataCollectionRunSettings>
    <DataCollectors>
      <DataCollector friendlyName="blame" enabled="True">
        <Configuration>
          <ResultsDirectory>C:\Users\justa\Desktop\APPAS\real\savings_app\savings_app_tests\bin\Debug\net6.0\fine-code-coverage\coverage-tool-output</ResultsDirectory>
        </Configuration>
      </DataCollector>
    </DataCollectors>
  </DataCollectionRunSettings>
</RunSettings>

TpTrace Verbose: 0 : 28032, 1, 2022/11/27, 19:29:37.779, 42627123923, vstest.console.dll, TestRunRequest.ExecuteAsync: Wait for the first run request is over.
TpTrace Verbose: 0 : 28032, 1, 2022/11/27, 19:29:37.779, 42627127032, vstest.console.dll, MulticastDelegateUtilities.SafeInvoke: TestRun.TestRunStart: Invoking callbacks was skipped because there are no subscribers.
TpTrace Verbose: 0 : 28032, 4, 2022/11/27, 19:29:37.780, 42627129417, vstest.console.dll, MulticastDelegateUtilities.SafeInvoke: InternalTestLoggerEvents.SendTestRunStart: Invoking callback 1/1 for Microsoft.VisualStudio.TestPlatform.CommandLine.Internal.ConsoleLogger.TestRunStartHandler, took 0 ms.
TpTrace Verbose: 0 : 28032, 1, 2022/11/27, 19:29:37.780, 42627134675, vstest.console.dll, ParallelProxyExecutionManager: Start execution. Total sources: 1
TpTrace Verbose: 0 : 28032, 1, 2022/11/27, 19:29:37.781, 42627145640, vstest.console.dll, TestRequestSender is acting as server.
TpTrace Verbose: 0 : 28032, 1, 2022/11/27, 19:29:37.782, 42627154352, vstest.console.dll, DataCollectionRequestSender.InitializeCommunication : Initialize communication. 
TpTrace Information: 0 : 28032, 1, 2022/11/27, 19:29:37.787, 42627200475, vstest.console.dll, Listening on Endpoint : 127.0.0.1:58259
TpTrace Verbose: 0 : 28032, 1, 2022/11/27, 19:29:37.793, 42627267537, vstest.console.dll, DotnetDataCollectionLauncher: Adding  --runtimeconfig "C:\Program Files\dotnet\sdk\6.0.400\datacollector.runtimeconfig.json" in args
TpTrace Verbose: 0 : 28032, 1, 2022/11/27, 19:29:37.794, 42627270052, vstest.console.dll, DotnetDataCollectionLauncher: Adding  --depsfile "C:\Program Files\dotnet\sdk\6.0.400\datacollector.deps.json" in args
TpTrace Verbose: 0 : 28032, 1, 2022/11/27, 19:29:37.794, 42627271077, vstest.console.dll, DotnetDataCollectionLauncher: Full path of dotnet.exe is C:\Program Files\dotnet\dotnet.exe
TpTrace Information: 0 : 28032, 1, 2022/11/27, 19:29:37.808, 42627415974, vstest.console.dll, ProxyDataCollectionManager.Initialize: Launched datacollector processId: 28528 port: 58259
TpTrace Information: 0 : 28032, 1, 2022/11/27, 19:29:37.808, 42627416955, vstest.console.dll, ProxyDataCollectionManager.Initialize: waiting for connection with timeout: 90 seconds
TpTrace Verbose: 0 : 28032, 1, 2022/11/27, 19:29:37.808, 42627417334, vstest.console.dll, DataCollectionRequestSender.WaitForRequestHandlerConnection : Waiting for connection with timeout: 90000
TpTrace Information: 0 : 28032, 5, 2022/11/27, 19:29:37.906, 42628392030, vstest.console.dll, Using the buffer size of 16384 bytes
TpTrace Verbose: 0 : 28032, 1, 2022/11/27, 19:29:37.906, 42628392124, vstest.console.dll, SocketCommunicationManager.WaitForClientConnection took: 97 ms, with 90000 ms timeout, and finished with True.
TpTrace Information: 0 : 28032, 5, 2022/11/27, 19:29:37.906, 42628392712, vstest.console.dll, Accepted Client request and set the flag
TpTrace Verbose: 0 : 28032, 1, 2022/11/27, 19:29:37.906, 42628393923, vstest.console.dll, ProxyDataCollectionManager.InvokeDataCollectionServiceAction: Starting.
TpTrace Information: 0 : 28032, 1, 2022/11/27, 19:29:37.906, 42628394486, vstest.console.dll, ProxyDataCollectionManager.BeforeTestRunStart: Get environment variable and port for datacollector processId: 28528 port: 58259
TpTrace Verbose: 0 : 28032, 1, 2022/11/27, 19:29:37.906, 42628395146, vstest.console.dll, DataCollectionRequestSender.SendBeforeTestRunStartAndGetResult: Send BeforeTestRunStart message with settingsXml <RunSettings><RunConfiguration><ResultsDirectory>C:\Users\justa\Desktop\APPAS\real\savings_app\savings_app_tests\bin\Debug\net6.0\fine-code-coverage\coverage-tool-output</ResultsDirectory><TargetPlatform>X64</TargetPlatform><TargetFrameworkVersion>.NETCoreApp,Version=v6.0</TargetFrameworkVersion><DesignMode>False</DesignMode><CollectSourceInformation>False</CollectSourceInformation><TestAdaptersPaths>C:\Program Files\dotnet\sdk\6.0.400\Extensions</TestAdaptersPaths></RunConfiguration><LoggerRunSettings><Loggers><Logger friendlyName="blame" enabled="True" /><Logger friendlyName="Console" uri="logger://microsoft/TestPlatform/ConsoleLogger/v1" assemblyQualifiedName="Microsoft.VisualStudio.TestPlatform.CommandLine.Internal.ConsoleLogger, vstest.console, Version=15.0.0.0, Culture=neutral, PublicKeyToken=b03f5f7f11d50a3a" codeBase="C:\Program Files\dotnet\sdk\6.0.400\vstest.console.dll" enabled="True" /></Loggers></LoggerRunSettings><DataCollectionRunSettings><DataCollectors><DataCollector friendlyName="blame" enabled="True"><Configuration><ResultsDirectory>C:\Users\justa\Desktop\APPAS\real\savings_app\savings_app_tests\bin\Debug\net6.0\fine-code-coverage\coverage-tool-output</ResultsDirectory></Configuration></DataCollector></DataCollectors></DataCollectionRunSettings></RunSettings> and sources System.Collections.Generic.List`1[System.String]: 
TpTrace Verbose: 0 : 28032, 1, 2022/11/27, 19:29:37.955, 42628886199, vstest.console.dll, DataCollectionRequestSender.SendBeforeTestRunStartAndGetResult: Received message: (DataCollection.SendMessage) -> {"MessageType":"DataCollection.SendMessage","Payload":{"FriendlyName":null,"Uri":null,"TestCaseId":"00000000-0000-0000-0000-000000000000","Message":"Logging DataCollector Diagnostics in file: C:\\Users\\justa\\Desktop\\APPAS\\real\\savings_app\\savings_app_tests\\bin\\Debug\\net6.0\\fine-code-coverage\\coverage-tool-output\\diagnostics.datacollector.22-11-27_19-29-37_79374_1.log","Level":0}}
TpTrace Verbose: 0 : 28032, 1, 2022/11/27, 19:29:38.023, 42629560242, vstest.console.dll, DataCollectionRequestSender.SendBeforeTestRunStartAndGetResult: Received message: (DataCollection.BeforeTestRunStartResult) -> {"MessageType":"DataCollection.BeforeTestRunStartResult","Payload":{"EnvironmentVariables":{},"DataCollectionEventsPort":58263}}
TpTrace Information: 0 : 28032, 1, 2022/11/27, 19:29:38.027, 42629598855, vstest.console.dll, ProxyDataCollectionManager.BeforeTestRunStart: SendBeforeTestRunStartAndGetResult successful, env variable from datacollector:   and testhost port: 58263
TpTrace Information: 0 : 28032, 1, 2022/11/27, 19:29:38.027, 42629599367, vstest.console.dll, ProxyDataCollectionManager.InvokeDataCollectionServiceAction: Completed.
TpTrace Verbose: 0 : 28032, 7, 2022/11/27, 19:29:38.027, 42629600089, vstest.console.dll, ParallelProxyExecutionManager: Execution started. Started clients: 1
TpTrace Verbose: 0 : 28032, 1, 2022/11/27, 19:29:38.027, 42629600362, vstest.console.dll, ProxyParallelExecutionManager: No sources available for execution.
TpTrace Information: 0 : 28032, 1, 2022/11/27, 19:29:38.027, 42629600781, vstest.console.dll, TestRunRequest.ExecuteAsync: Started.
TpTrace Verbose: 0 : 28032, 1, 2022/11/27, 19:29:38.027, 42629601273, vstest.console.dll, TestRunRequest.WaitForCompletion: Waiting with timeout -1.
TpTrace Verbose: 0 : 28032, 7, 2022/11/27, 19:29:38.027, 42629602122, vstest.console.dll, TestRunRequest:SendTestRunMessage: Starting.
TpTrace Verbose: 0 : 28032, 7, 2022/11/27, 19:29:38.027, 42629603056, vstest.console.dll, MulticastDelegateUtilities.SafeInvoke: TestRun.LogMessages: Invoking callback 1/1 for Microsoft.VisualStudio.TestPlatform.CommandLine.TestRunResultAggregator.TestRunMessageHandler, took 0 ms.
TpTrace Information: 0 : 28032, 7, 2022/11/27, 19:29:38.027, 42629603347, vstest.console.dll, TestRunRequest:SendTestRunMessage: Completed.
TpTrace Verbose: 0 : 28032, 4, 2022/11/27, 19:29:38.027, 42629603119, vstest.console.dll, MulticastDelegateUtilities.SafeInvoke: InternalTestLoggerEvents.SendTestRunMessage: Invoking callback 1/1 for Microsoft.VisualStudio.TestPlatform.CommandLine.Internal.ConsoleLogger.TestMessageHandler, took 0 ms.
TpTrace Verbose: 0 : 28032, 7, 2022/11/27, 19:29:38.027, 42629604701, vstest.console.dll, ProxyExecutionManager: Test host is always Lazy initialize.
TpTrace Verbose: 0 : 28032, 7, 2022/11/27, 19:29:38.027, 42629606060, vstest.console.dll, TestRequestSender.InitializeCommunication: initialize communication. 
TpTrace Information: 0 : 28032, 7, 2022/11/27, 19:29:38.028, 42629609214, vstest.console.dll, SocketServer.Start: Listening on endpoint : 127.0.0.1:58264
TpTrace Verbose: 0 : 28032, 7, 2022/11/27, 19:29:38.028, 42629613655, vstest.console.dll, DotnetTestHostmanager.GetTestHostProcessStartInfo: Platform environment 'X64' target architecture 'X64' framework '.NETCoreApp,Version=v6.0' OS 'Windows'
TpTrace Verbose: 0 : 28032, 7, 2022/11/27, 19:29:38.028, 42629615107, vstest.console.dll, DotnetTestHostmanager: Adding  --runtimeconfig "C:\Users\justa\Desktop\APPAS\real\savings_app\savings_app_tests\bin\Debug\net6.0\fine-code-coverage\build-output\savings_app_tests.runtimeconfig.json" in args
TpTrace Verbose: 0 : 28032, 7, 2022/11/27, 19:29:38.028, 42629615747, vstest.console.dll, DotnetTestHostmanager: Adding  --depsfile "C:\Users\justa\Desktop\APPAS\real\savings_app\savings_app_tests\bin\Debug\net6.0\fine-code-coverage\build-output\savings_app_tests.deps.json" in args
TpTrace Verbose: 0 : 28032, 7, 2022/11/27, 19:29:38.028, 42629616770, vstest.console.dll, DotnetTestHostmanager.IsWinOnArm: Current PROCESSOR_ARCHITECTURE from environment variable 'AMD64'
TpTrace Verbose: 0 : 28032, 7, 2022/11/27, 19:29:38.028, 42629617119, vstest.console.dll, DotnetTestHostmanager.IsWinOnArm: Is Windows on ARM 'False'
TpTrace Verbose: 0 : 28032, 7, 2022/11/27, 19:29:38.028, 42629617705, vstest.console.dll, DotnetTestHostManager: testhost.exe found at path: C:\Users\justa\Desktop\APPAS\real\savings_app\savings_app_tests\bin\Debug\net6.0\fine-code-coverage\build-output\testhost.exe
TpTrace Verbose: 0 : 28032, 7, 2022/11/27, 19:29:38.029, 42629617976, vstest.console.dll, DotnetTestHostmanager: Full path of host exe is C:\Users\justa\Desktop\APPAS\real\savings_app\savings_app_tests\bin\Debug\net6.0\fine-code-coverage\build-output\testhost.exe
TpTrace Verbose: 0 : 28032, 7, 2022/11/27, 19:29:38.029, 42629618718, vstest.console.dll, DotnetTestHostmanager.LaunchTestHostAsync: Found 'VSTEST_WINAPPHOST_DOTNET_ROOT' in env variables, value 'C:\Program Files\dotnet', forwarding to 'DOTNET_ROOT'
TpTrace Verbose: 0 : 28032, 7, 2022/11/27, 19:29:38.029, 42629619549, vstest.console.dll, DotnetTestHostManager: Starting process 'C:\Users\justa\Desktop\APPAS\real\savings_app\savings_app_tests\bin\Debug\net6.0\fine-code-coverage\build-output\testhost.exe' with command line ' --runtimeconfig "C:\Users\justa\Desktop\APPAS\real\savings_app\savings_app_tests\bin\Debug\net6.0\fine-code-coverage\build-output\savings_app_tests.runtimeconfig.json" --depsfile "C:\Users\justa\Desktop\APPAS\real\savings_app\savings_app_tests\bin\Debug\net6.0\fine-code-coverage\build-output\savings_app_tests.deps.json" --port 58264 --endpoint 127.0.0.1:058264 --role client --parentprocessid 28032 --diag "C:\Users\justa\Desktop\APPAS\real\savings_app\savings_app_tests\bin\Debug\net6.0\fine-code-coverage\coverage-tool-output\diagnostics.host.22-11-27_19-29-38_02835_7.log" --tracelevel 4 --datacollectionport 58263 --telemetryoptedin false'
TpTrace Verbose: 0 : 28032, 7, 2022/11/27, 19:29:38.044, 42629777307, vstest.console.dll, MulticastDelegateUtilities.SafeInvoke: HostProviderEvents.OnHostLaunched: Invoking callback 1/2 for Microsoft.VisualStudio.TestPlatform.CrossPlatEngine.Client.ProxyExecutionManagerWithDataCollection.TestHostLaunchedHandler, took 0 ms.
TpTrace Verbose: 0 : 28032, 7, 2022/11/27, 19:29:38.045, 42629778010, vstest.console.dll, Test Runtime launched
TpTrace Verbose: 0 : 28032, 7, 2022/11/27, 19:29:38.045, 42629778310, vstest.console.dll, MulticastDelegateUtilities.SafeInvoke: HostProviderEvents.OnHostLaunched: Invoking callback 2/2 for Microsoft.VisualStudio.TestPlatform.CrossPlatEngine.Client.ProxyOperationManager.TestHostManagerHostLaunched, took 0 ms.
TpTrace Verbose: 0 : 28032, 7, 2022/11/27, 19:29:38.045, 42629782919, vstest.console.dll, TestRequestSender.WaitForRequestHandlerConnection: waiting for connection with timeout: 90000.
TpTrace Verbose: 0 : 28032, 7, 2022/11/27, 19:29:38.187, 42631205517, vstest.console.dll, TestRequestSender.WaitForRequestHandlerConnection: waiting took 142 ms, with timeout 90000 ms, and result 0, which is success.
TpTrace Verbose: 0 : 28032, 13, 2022/11/27, 19:29:38.187, 42631205517, vstest.console.dll, MulticastDelegateUtilities.SafeInvoke: SocketServer: ClientConnected: Invoking callback 1/1 for Microsoft.VisualStudio.TestPlatform.CommunicationUtilities.TestRequestSender.<InitializeCommunication>b__24_0, took 0 ms.
TpTrace Verbose: 0 : 28032, 13, 2022/11/27, 19:29:38.187, 42631206974, vstest.console.dll, SocketServer.OnClientConnected: Client connected for endPoint: 127.0.0.1:58264, starting MessageLoopAsync:
TpTrace Verbose: 0 : 28032, 13, 2022/11/27, 19:29:38.188, 42631214887, vstest.console.dll, TcpClientExtensions.MessageLoopAsync: Polling on remoteEndPoint: 127.0.0.1:58265 localEndPoint: 127.0.0.1:58264
TpTrace Verbose: 0 : 28032, 7, 2022/11/27, 19:29:38.189, 42631220496, vstest.console.dll, TestRequestSender.CheckVersionWithTestHost: Sending check version message: {"MessageType":"ProtocolVersion","Payload":7}
TpTrace Verbose: 0 : 28032, 13, 2022/11/27, 19:29:38.299, 42632318604, vstest.console.dll, TcpClientExtensions.MessageLoopAsync: NotifyDataAvailable remoteEndPoint: 127.0.0.1:58265 localEndPoint: 127.0.0.1:58264
TpTrace Verbose: 0 : 28032, 13, 2022/11/27, 19:29:38.299, 42632320349, vstest.console.dll, TestRequestSender.CheckVersionWithTestHost: onMessageReceived received message: (ProtocolVersion) -> {"MessageType":"ProtocolVersion","Payload":5}
TpTrace Verbose: 0 : 28032, 13, 2022/11/27, 19:29:38.299, 42632324065, vstest.console.dll, MulticastDelegateUtilities.SafeInvoke: LengthPrefixCommunicationChannel: MessageReceived: Invoking callback 1/1 for Microsoft.VisualStudio.TestPlatform.CommunicationUtilities.TestRequestSender+<>c__DisplayClass26_0.<CheckVersionWithTestHost>b__0, took 0 ms.
TpTrace Verbose: 0 : 28032, 13, 2022/11/27, 19:29:38.299, 42632324527, vstest.console.dll, TcpClientExtensions.MessageLoopAsync: Polling on remoteEndPoint: 127.0.0.1:58265 localEndPoint: 127.0.0.1:58264
TpTrace Verbose: 0 : 28032, 7, 2022/11/27, 19:29:38.299, 42632324869, vstest.console.dll, TestPluginCache.GetExtensionPaths: Filtered extension paths: 
TpTrace Verbose: 0 : 28032, 7, 2022/11/27, 19:29:38.299, 42632325299, vstest.console.dll, TestPluginCache.GetExtensionPaths: Added default extension paths: C:\Program Files\dotnet\sdk\6.0.400\Extensions\Microsoft.Diagnostics.NETCore.Client.dll
C:\Program Files\dotnet\sdk\6.0.400\Extensions\Microsoft.TestPlatform.Extensions.BlameDataCollector.dll
C:\Program Files\dotnet\sdk\6.0.400\Extensions\Microsoft.TestPlatform.Extensions.EventLogCollector.dll
C:\Program Files\dotnet\sdk\6.0.400\Extensions\Microsoft.TestPlatform.TestHostRuntimeProvider.dll
C:\Program Files\dotnet\sdk\6.0.400\Extensions\Microsoft.VisualStudio.TestPlatform.Extensions.Html.TestLogger.dll
C:\Program Files\dotnet\sdk\6.0.400\Extensions\Microsoft.VisualStudio.TestPlatform.Extensions.Trx.TestLogger.dll
TpTrace Verbose: 0 : 28032, 7, 2022/11/27, 19:29:38.299, 42632325505, vstest.console.dll, TestPluginCache.GetExtensionPaths: Added unfilterableExtensionPaths: 
TpTrace Verbose: 0 : 28032, 7, 2022/11/27, 19:29:38.301, 42632345903, vstest.console.dll, TestRequestSender.InitializeExecution: Sending initialize execution with message: {"Version":5,"MessageType":"TestExecution.Initialize","Payload":["C:\\Users\\justa\\Desktop\\APPAS\\real\\savings_app\\savings_app_tests\\bin\\Debug\\net6.0\\fine-code-coverage\\build-output\\xunit.runner.visualstudio.dotnetcore.testadapter.dll"]}
TpTrace Warning: 0 : 28032, 7, 2022/11/27, 19:29:38.302, 42632348463, vstest.console.dll, InferRunSettingsHelper.MakeRunsettingsCompatible: Removing the following settings: TargetPlatform from RunSettings file. To use those settings please move to latest version of Microsoft.NET.Test.Sdk
TpTrace Verbose: 0 : 28032, 13, 2022/11/27, 19:29:38.306, 42632392919, vstest.console.dll, TcpClientExtensions.MessageLoopAsync: NotifyDataAvailable remoteEndPoint: 127.0.0.1:58265 localEndPoint: 127.0.0.1:58264
TpTrace Verbose: 0 : 28032, 13, 2022/11/27, 19:29:38.306, 42632393721, vstest.console.dll, TestRequestSender.OnExecutionMessageReceived: Received message: {"Version":5,"MessageType":"TestSession.Message","Payload":{"MessageLevel":0,"Message":"Logging TestHost Diagnostics in file: C:\\Users\\justa\\Desktop\\APPAS\\real\\savings_app\\savings_app_tests\\bin\\Debug\\net6.0\\fine-code-coverage\\coverage-tool-output\\diagnostics.host.22-11-27_19-29-38_02835_7.log"}}
TpTrace Verbose: 0 : 28032, 7, 2022/11/27, 19:29:38.307, 42632402798, vstest.console.dll, TestRequestSender.StartTestRun: Sending test run with message: {"Version":5,"MessageType":"TestExecution.StartWithSources","Payload":{"AdapterSourceMap":{"_none_":["C:\\Users\\justa\\Desktop\\APPAS\\real\\savings_app\\savings_app_tests\\bin\\Debug\\net6.0\\fine-code-coverage\\build-output\\savings_app_tests.dll"]},"RunSettings":"<RunSettings>\r\n  <RunConfiguration>\r\n    <ResultsDirectory>C:\\Users\\justa\\Desktop\\APPAS\\real\\savings_app\\savings_app_tests\\bin\\Debug\\net6.0\\fine-code-coverage\\coverage-tool-output</ResultsDirectory>\r\n    <TargetFrameworkVersion>.NETCoreApp,Version=v6.0</TargetFrameworkVersion>\r\n    <DesignMode>False</DesignMode>\r\n    <CollectSourceInformation>False</CollectSourceInformation>\r\n  </RunConfiguration>\r\n  <LoggerRunSettings>\r\n    <Loggers>\r\n      <Logger friendlyName=\"blame\" enabled=\"True\" />\r\n      <Logger friendlyName=\"Console\" uri=\"logger://microsoft/TestPlatform/ConsoleLogger/v1\" assemblyQualifiedName=\"Microsoft.VisualStudio.TestPlatform.CommandLine.Internal.ConsoleLogger, vstest.console, Version=15.0.0.0, Culture=neutral, PublicKeyToken=b03f5f7f11d50a3a\" codeBase=\"C:\\Program Files\\dotnet\\sdk\\6.0.400\\vstest.console.dll\" enabled=\"True\" />\r\n    </Loggers>\r\n  </LoggerRunSettings>\r\n  <DataCollectionRunSettings>\r\n    <DataCollectors>\r\n      <DataCollector friendlyName=\"blame\" enabled=\"True\">\r\n        <Configuration>\r\n          <ResultsDirectory>C:\\Users\\justa\\Desktop\\APPAS\\real\\savings_app\\savings_app_tests\\bin\\Debug\\net6.0\\fine-code-coverage\\coverage-tool-output</ResultsDirectory>\r\n        </Configuration>\r\n      </DataCollector>\r\n    </DataCollectors>\r\n  </DataCollectionRunSettings>\r\n</RunSettings>","TestExecutionContext":{"FrequencyOfRunStatsChangeEvent":10,"RunStatsChangeEventTimeout":"00:00:01.5000000","InIsolation":false,"KeepAlive":false,"AreTestCaseLevelEventsRequired":false,"IsDebug":false,"TestCaseFilter":null,"FilterOptions":null},"Package":null}}
TpTrace Verbose: 0 : 28032, 13, 2022/11/27, 19:29:38.308, 42632409837, vstest.console.dll, TestRunRequest:SendTestRunMessage: Starting.
TpTrace Verbose: 0 : 28032, 13, 2022/11/27, 19:29:38.308, 42632410358, vstest.console.dll, MulticastDelegateUtilities.SafeInvoke: TestRun.LogMessages: Invoking callback 1/1 for Microsoft.VisualStudio.TestPlatform.CommandLine.TestRunResultAggregator.TestRunMessageHandler, took 0 ms.
TpTrace Information: 0 : 28032, 13, 2022/11/27, 19:29:38.308, 42632410581, vstest.console.dll, TestRunRequest:SendTestRunMessage: Completed.
TpTrace Verbose: 0 : 28032, 4, 2022/11/27, 19:29:38.308, 42632410791, vstest.console.dll, MulticastDelegateUtilities.SafeInvoke: InternalTestLoggerEvents.SendTestRunMessage: Invoking callback 1/1 for Microsoft.VisualStudio.TestPlatform.CommandLine.Internal.ConsoleLogger.TestMessageHandler, took 0 ms.
TpTrace Verbose: 0 : 28032, 13, 2022/11/27, 19:29:38.308, 42632410879, vstest.console.dll, MulticastDelegateUtilities.SafeInvoke: LengthPrefixCommunicationChannel: MessageReceived: Invoking callback 1/1 for Microsoft.VisualStudio.TestPlatform.CommunicationUtilities.TestRequestSender+<>c__DisplayClass31_0.<StartTestRun>b__1, took 1 ms.
TpTrace Verbose: 0 : 28032, 13, 2022/11/27, 19:29:38.308, 42632411332, vstest.console.dll, TcpClientExtensions.MessageLoopAsync: Polling on remoteEndPoint: 127.0.0.1:58265 localEndPoint: 127.0.0.1:58264
TpTrace Verbose: 0 : 28032, 13, 2022/11/27, 19:29:38.430, 42633636813, vstest.console.dll, TcpClientExtensions.MessageLoopAsync: NotifyDataAvailable remoteEndPoint: 127.0.0.1:58265 localEndPoint: 127.0.0.1:58264
TpTrace Verbose: 0 : 28032, 13, 2022/11/27, 19:29:38.430, 42633637678, vstest.console.dll, TestRequestSender.OnExecutionMessageReceived: Received message: {"Version":5,"MessageType":"TestSession.Message","Payload":{"MessageLevel":0,"Message":"[xUnit.net 00:00:00.00] xUnit.net VSTest Adapter v2.4.3+1b45f5407b (64-bit .NET 6.0.8)"}}
TpTrace Verbose: 0 : 28032, 13, 2022/11/27, 19:29:38.431, 42633638746, vstest.console.dll, TestRunRequest:SendTestRunMessage: Starting.
TpTrace Verbose: 0 : 28032, 13, 2022/11/27, 19:29:38.431, 42633639129, vstest.console.dll, MulticastDelegateUtilities.SafeInvoke: TestRun.LogMessages: Invoking callback 1/1 for Microsoft.VisualStudio.TestPlatform.CommandLine.TestRunResultAggregator.TestRunMessageHandler, took 0 ms.
TpTrace Verbose: 0 : 28032, 4, 2022/11/27, 19:29:38.431, 42633639289, vstest.console.dll, MulticastDelegateUtilities.SafeInvoke: InternalTestLoggerEvents.SendTestRunMessage: Invoking callback 1/1 for Microsoft.VisualStudio.TestPlatform.CommandLine.Internal.ConsoleLogger.TestMessageHandler, took 0 ms.
TpTrace Information: 0 : 28032, 13, 2022/11/27, 19:29:38.431, 42633639381, vstest.console.dll, TestRunRequest:SendTestRunMessage: Completed.
TpTrace Verbose: 0 : 28032, 13, 2022/11/27, 19:29:38.431, 42633639894, vstest.console.dll, MulticastDelegateUtilities.SafeInvoke: LengthPrefixCommunicationChannel: MessageReceived: Invoking callback 1/1 for Microsoft.VisualStudio.TestPlatform.CommunicationUtilities.TestRequestSender+<>c__DisplayClass31_0.<StartTestRun>b__1, took 0 ms.
TpTrace Verbose: 0 : 28032, 13, 2022/11/27, 19:29:38.431, 42633640082, vstest.console.dll, TcpClientExtensions.MessageLoopAsync: Polling on remoteEndPoint: 127.0.0.1:58265 localEndPoint: 127.0.0.1:58264
TpTrace Verbose: 0 : 28032, 13, 2022/11/27, 19:29:39.441, 42643738034, vstest.console.dll, TcpClientExtensions.MessageLoopAsync: Polling on remoteEndPoint: 127.0.0.1:58265 localEndPoint: 127.0.0.1:58264
TpTrace Verbose: 0 : 28032, 13, 2022/11/27, 19:29:39.848, 42647809749, vstest.console.dll, TcpClientExtensions.MessageLoopAsync: NotifyDataAvailable remoteEndPoint: 127.0.0.1:58265 localEndPoint: 127.0.0.1:58264
TpTrace Verbose: 0 : 28032, 13, 2022/11/27, 19:29:39.848, 42647810773, vstest.console.dll, TestRequestSender.OnExecutionMessageReceived: Received message: {"Version":5,"MessageType":"TestSession.Message","Payload":{"MessageLevel":0,"Message":"[xUnit.net 00:00:01.42]   Discovering: savings_app_tests"}}
TpTrace Verbose: 0 : 28032, 13, 2022/11/27, 19:29:39.848, 42647811554, vstest.console.dll, TestRunRequest:SendTestRunMessage: Starting.
TpTrace Verbose: 0 : 28032, 13, 2022/11/27, 19:29:39.848, 42647812002, vstest.console.dll, MulticastDelegateUtilities.SafeInvoke: TestRun.LogMessages: Invoking callback 1/1 for Microsoft.VisualStudio.TestPlatform.CommandLine.TestRunResultAggregator.TestRunMessageHandler, took 0 ms.
TpTrace Verbose: 0 : 28032, 4, 2022/11/27, 19:29:39.848, 42647812125, vstest.console.dll, MulticastDelegateUtilities.SafeInvoke: InternalTestLoggerEvents.SendTestRunMessage: Invoking callback 1/1 for Microsoft.VisualStudio.TestPlatform.CommandLine.Internal.ConsoleLogger.TestMessageHandler, took 0 ms.
TpTrace Information: 0 : 28032, 13, 2022/11/27, 19:29:39.848, 42647812283, vstest.console.dll, TestRunRequest:SendTestRunMessage: Completed.
TpTrace Verbose: 0 : 28032, 13, 2022/11/27, 19:29:39.848, 42647813092, vstest.console.dll, MulticastDelegateUtilities.SafeInvoke: LengthPrefixCommunicationChannel: MessageReceived: Invoking callback 1/1 for Microsoft.VisualStudio.TestPlatform.CommunicationUtilities.TestRequestSender+<>c__DisplayClass31_0.<StartTestRun>b__1, took 0 ms.
TpTrace Verbose: 0 : 28032, 13, 2022/11/27, 19:29:39.848, 42647813328, vstest.console.dll, TcpClientExtensions.MessageLoopAsync: Polling on remoteEndPoint: 127.0.0.1:58265 localEndPoint: 127.0.0.1:58264
TpTrace Verbose: 0 : 28032, 13, 2022/11/27, 19:29:39.877, 42648107786, vstest.console.dll, TcpClientExtensions.MessageLoopAsync: NotifyDataAvailable remoteEndPoint: 127.0.0.1:58265 localEndPoint: 127.0.0.1:58264
TpTrace Verbose: 0 : 28032, 13, 2022/11/27, 19:29:39.878, 42648108796, vstest.console.dll, TestRequestSender.OnExecutionMessageReceived: Received message: {"Version":5,"MessageType":"TestSession.Message","Payload":{"MessageLevel":0,"Message":"[xUnit.net 00:00:01.45]   Discovered:  savings_app_tests"}}
TpTrace Verbose: 0 : 28032, 13, 2022/11/27, 19:29:39.878, 42648109564, vstest.console.dll, TestRunRequest:SendTestRunMessage: Starting.
TpTrace Verbose: 0 : 28032, 13, 2022/11/27, 19:29:39.878, 42648109997, vstest.console.dll, MulticastDelegateUtilities.SafeInvoke: TestRun.LogMessages: Invoking callback 1/1 for Microsoft.VisualStudio.TestPlatform.CommandLine.TestRunResultAggregator.TestRunMessageHandler, took 0 ms.
TpTrace Verbose: 0 : 28032, 4, 2022/11/27, 19:29:39.878, 42648110145, vstest.console.dll, MulticastDelegateUtilities.SafeInvoke: InternalTestLoggerEvents.SendTestRunMessage: Invoking callback 1/1 for Microsoft.VisualStudio.TestPlatform.CommandLine.Internal.ConsoleLogger.TestMessageHandler, took 0 ms.
TpTrace Information: 0 : 28032, 13, 2022/11/27, 19:29:39.878, 42648110243, vstest.console.dll, TestRunRequest:SendTestRunMessage: Completed.
TpTrace Verbose: 0 : 28032, 13, 2022/11/27, 19:29:39.878, 42648111036, vstest.console.dll, MulticastDelegateUtilities.SafeInvoke: LengthPrefixCommunicationChannel: MessageReceived: Invoking callback 1/1 for Microsoft.VisualStudio.TestPlatform.CommunicationUtilities.TestRequestSender+<>c__DisplayClass31_0.<StartTestRun>b__1, took 0 ms.
TpTrace Verbose: 0 : 28032, 13, 2022/11/27, 19:29:39.878, 42648111299, vstest.console.dll, TcpClientExtensions.MessageLoopAsync: Polling on remoteEndPoint: 127.0.0.1:58265 localEndPoint: 127.0.0.1:58264
TpTrace Verbose: 0 : 28032, 13, 2022/11/27, 19:29:39.880, 42648128705, vstest.console.dll, TcpClientExtensions.MessageLoopAsync: NotifyDataAvailable remoteEndPoint: 127.0.0.1:58265 localEndPoint: 127.0.0.1:58264
TpTrace Verbose: 0 : 28032, 13, 2022/11/27, 19:29:39.880, 42648129737, vstest.console.dll, TestRequestSender.OnExecutionMessageReceived: Received message: {"Version":5,"MessageType":"TestSession.Message","Payload":{"MessageLevel":0,"Message":"[xUnit.net 00:00:01.45]   Starting:    savings_app_tests"}}
TpTrace Verbose: 0 : 28032, 13, 2022/11/27, 19:29:39.880, 42648130386, vstest.console.dll, TestRunRequest:SendTestRunMessage: Starting.
TpTrace Verbose: 0 : 28032, 13, 2022/11/27, 19:29:39.880, 42648130770, vstest.console.dll, MulticastDelegateUtilities.SafeInvoke: TestRun.LogMessages: Invoking callback 1/1 for Microsoft.VisualStudio.TestPlatform.CommandLine.TestRunResultAggregator.TestRunMessageHandler, took 0 ms.
TpTrace Verbose: 0 : 28032, 4, 2022/11/27, 19:29:39.880, 42648130876, vstest.console.dll, MulticastDelegateUtilities.SafeInvoke: InternalTestLoggerEvents.SendTestRunMessage: Invoking callback 1/1 for Microsoft.VisualStudio.TestPlatform.CommandLine.Internal.ConsoleLogger.TestMessageHandler, took 0 ms.
TpTrace Information: 0 : 28032, 13, 2022/11/27, 19:29:39.880, 42648131122, vstest.console.dll, TestRunRequest:SendTestRunMessage: Completed.
TpTrace Verbose: 0 : 28032, 13, 2022/11/27, 19:29:39.880, 42648131747, vstest.console.dll, MulticastDelegateUtilities.SafeInvoke: LengthPrefixCommunicationChannel: MessageReceived: Invoking callback 1/1 for Microsoft.VisualStudio.TestPlatform.CommunicationUtilities.TestRequestSender+<>c__DisplayClass31_0.<StartTestRun>b__1, took 0 ms.
TpTrace Verbose: 0 : 28032, 13, 2022/11/27, 19:29:39.880, 42648131960, vstest.console.dll, TcpClientExtensions.MessageLoopAsync: Polling on remoteEndPoint: 127.0.0.1:58265 localEndPoint: 127.0.0.1:58264
TpTrace Verbose: 0 : 28032, 13, 2022/11/27, 19:29:39.932, 42648650143, vstest.console.dll, TcpClientExtensions.MessageLoopAsync: NotifyDataAvailable remoteEndPoint: 127.0.0.1:58265 localEndPoint: 127.0.0.1:58264
TpTrace Verbose: 0 : 28032, 13, 2022/11/27, 19:29:39.932, 42648651391, vstest.console.dll, TestRequestSender.OnExecutionMessageReceived: Received message: {"Version":5,"MessageType":"TestExecution.StatsChange","Payload":{"NewTestResults":[],"TestRunStatistics":{"ExecutedTests":0,"Stats":{}},"ActiveTests":[{"Id":"5a4dcd4c-9e3a-c12a-65f8-ee04bb6d61cd","FullyQualifiedName":"savings_app_tests.AuthServiceTests.GenerateToken_ShouldGenerateTokenForBuyer","DisplayName":"savings_app_tests.AuthServiceTests.GenerateToken_ShouldGenerateTokenForBuyer","ExecutorUri":"executor://xunit/VsTestRunner2/netcoreapp","Source":"C:\\Users\\justa\\Desktop\\APPAS\\real\\savings_app\\savings_app_tests\\bin\\Debug\\net6.0\\fine-code-coverage\\build-output\\savings_app_tests.dll","CodeFilePath":null,"LineNumber":0,"Properties":[]}]}}
TpTrace Verbose: 0 : 28032, 13, 2022/11/27, 19:29:39.944, 42648774523, vstest.console.dll, TestRunRequest:SendTestRunStatsChange: Starting.
TpTrace Verbose: 0 : 28032, 13, 2022/11/27, 19:29:39.944, 42648775527, vstest.console.dll, InProgress is savings_app_tests.AuthServiceTests.GenerateToken_ShouldGenerateTokenForBuyer
TpTrace Verbose: 0 : 28032, 13, 2022/11/27, 19:29:39.944, 42648776157, vstest.console.dll, MulticastDelegateUtilities.SafeInvoke: TestRun.RunStatsChanged: Invoking callbacks was skipped because there are no subscribers.
TpTrace Information: 0 : 28032, 13, 2022/11/27, 19:29:39.944, 42648777012, vstest.console.dll, TestRunRequest:SendTestRunStatsChange: Completed.
TpTrace Verbose: 0 : 28032, 13, 2022/11/27, 19:29:39.944, 42648777682, vstest.console.dll, MulticastDelegateUtilities.SafeInvoke: LengthPrefixCommunicationChannel: MessageReceived: Invoking callback 1/1 for Microsoft.VisualStudio.TestPlatform.CommunicationUtilities.TestRequestSender+<>c__DisplayClass31_0.<StartTestRun>b__1, took 12 ms.
TpTrace Verbose: 0 : 28032, 13, 2022/11/27, 19:29:39.945, 42648777918, vstest.console.dll, TcpClientExtensions.MessageLoopAsync: Polling on remoteEndPoint: 127.0.0.1:58265 localEndPoint: 127.0.0.1:58264
TpTrace Verbose: 0 : 28032, 13, 2022/11/27, 19:29:40.023, 42649564916, vstest.console.dll, TcpClientExtensions.MessageLoopAsync: NotifyDataAvailable remoteEndPoint: 127.0.0.1:58265 localEndPoint: 127.0.0.1:58264
TpTrace Verbose: 0 : 28032, 13, 2022/11/27, 19:29:40.023, 42649567319, vstest.console.dll, TestRequestSender.OnExecutionMessageReceived: Received message: {"Version":5,"MessageType":"TestExecution.StatsChange","Payload":{"NewTestResults":[{"TestCase":{"Id":"58a51a60-051c-bd74-ed9e-63e7abd40f95","FullyQualifiedName":"savings_app_tests.ProductTests.ReduceAmount_ShouldInvokeProductSoldOutEvent_WhenAmountOfUnitsIsEqualToAmount","DisplayName":"savings_app_tests.ProductTests.ReduceAmount_ShouldInvokeProductSoldOutEvent_WhenAmountOfUnitsIsEqualToAmount","ExecutorUri":"executor://xunit/VsTestRunner2/netcoreapp","Source":"C:\\Users\\justa\\Desktop\\APPAS\\real\\savings_app\\savings_app_tests\\bin\\Debug\\net6.0\\fine-code-coverage\\build-output\\savings_app_tests.dll","CodeFilePath":null,"LineNumber":0,"Properties":[]},"Attachments":[],"Outcome":1,"ErrorMessage":null,"ErrorStackTrace":null,"DisplayName":"savings_app_tests.ProductTests.ReduceAmount_ShouldInvokeProductSoldOutEvent_WhenAmountOfUnitsIsEqualToAmount","Messages":[],"ComputerName":"LAPTOP-LEQ6CVCK","Duration":"00:00:00.0694707","StartTime":"2022-11-27T17:29:39.997675+00:00","EndTime":"2022-11-27T17:29:39.9976938+00:00","Properties":[]},{"TestCase":{"Id":"fab0112d-3a8b-79d0-77db-35ab0ab900ad","FullyQualifiedName":"savings_app_tests.ProductTests.ReduceAmount_ShouldThrowNotEnoughProductAmountException_WhenAmountToReduceExceedsAmountOfUnits","DisplayName":"savings_app_tests.ProductTests.ReduceAmount_ShouldThrowNotEnoughProductAmountException_WhenAmountToReduceExceedsAmountOfUnits","ExecutorUri":"executor://xunit/VsTestRunner2/netcoreapp","Source":"C:\\Users\\justa\\Desktop\\APPAS\\real\\savings_app\\savings_app_tests\\bin\\Debug\\net6.0\\fine-code-coverage\\build-output\\savings_app_tests.dll","CodeFilePath":null,"LineNumber":0,"Properties":[]},"Attachments":[],"Outcome":1,"ErrorMessage":null,"ErrorStackTrace":null,"DisplayName":"savings_app_tests.ProductTests.ReduceAmount_ShouldThrowNotEnoughProductAmountException_WhenAmountToReduceExceedsAmountOfUnits","Messages":[],"ComputerName":"LAPTOP-LEQ6CVCK","Duration":"00:00:00.0005932","StartTime":"2022-11-27T17:29:40.0134841+00:00","EndTime":"2022-11-27T17:29:40.0134843+00:00","Properties":[]}],"TestRunStatistics":{"ExecutedTests":2,"Stats":{"Passed":2}},"ActiveTests":[{"Id":"a1ecb7f9-c9c0-40fd-a9ab-89251285bb41","FullyQualifiedName":"savings_app_tests.PickupServiceTests.GetPickup_ShouldThrowRecourseNotFoundException_WhenPickupDoesNotExist","DisplayName":"savings_app_tests.PickupServiceTests.GetPickup_ShouldThrowRecourseNotFoundException_WhenPickupDoesNotExist","ExecutorUri":"executor://xunit/VsTestRunner2/netcoreapp","Source":"C:\\Users\\justa\\Desktop\\APPAS\\real\\savings_app\\savings_app_tests\\bin\\Debug\\net6.0\\fine-code-coverage\\build-output\\savings_app_tests.dll","CodeFilePath":null,"LineNumber":0,"Properties":[]},{"Id":"352054de-b3f3-e55b-0eff-255a8ad2d5e1","FullyQualifiedName":"savings_app_tests.ProductServiceTests.DeleteProduct_ShouldThrowRecourseNotFoundException_WhenProductDoesNotExist","DisplayName":"savings_app_tests.ProductServiceTests.DeleteProduct_ShouldThrowRecourseNotFoundException_WhenProductDoesNotExist","ExecutorUri":"executor://xunit/VsTestRunner2/netcoreapp","Source":"C:\\Users\\justa\\Desktop\\APPAS\\real\\savings_app\\savings_app_tests\\bin\\Debug\\net6.0\\fine-code-coverage\\build-output\\savings_app_tests.dll","CodeFilePath":null,"LineNumber":0,"Properties":[]},{"Id":"79e1a887-68c4-10b3-c171-bb97348ead9a","FullyQualifiedName":"savings_app_tests.BuyerServiceTests.GetBuyer_ShouldReturnBuyer_WhenBuyerExists","DisplayName":"savings_app_tests.BuyerServiceTests.GetBuyer_ShouldReturnBuyer_WhenBuyerExists","ExecutorUri":"executor://xunit/VsTestRunner2/netcoreapp","Source":"C:\\Users\\justa\\Desktop\\APPAS\\real\\savings_app\\savings_app_tests\\bin\\Debug\\net6.0\\fine-code-coverage\\build-output\\savings_app_tests.dll","CodeFilePath":null,"LineNumber":0,"Properties":[]},{"Id":"4259ae5a-7b92-e090-e70d-4d038b88d524","FullyQualifiedName":"savings_app_tests.UserAuthServiceTests.GetUserAuth_ShouldReturnUserAuth_WhenUserAuthExists","DisplayName":"savings_app_tests.UserAuthServiceTests.GetUserAuth_ShouldReturnUserAuth_WhenUserAuthExists","ExecutorUri":"executor://xunit/VsTestRunner2/netcoreapp","Source":"C:\\Users\\justa\\Desktop\\APPAS\\real\\savings_app\\savings_app_tests\\bin\\Debug\\net6.0\\fine-code-coverage\\build-output\\savings_app_tests.dll","CodeFilePath":null,"LineNumber":0,"Properties":[]},{"Id":"8b8b36a6-4169-1af7-c06e-b8dd90accdc1","FullyQualifiedName":"savings_app_tests.RestaurantServiceTests.GetRestaurant_ShouldThrowRecourseNotFoundException_WhenRestaurantDoesNotExist","DisplayName":"savings_app_tests.RestaurantServiceTests.GetRestaurant_ShouldThrowRecourseNotFoundException_WhenRestaurantDoesNotExist","ExecutorUri":"executor://xunit/VsTestRunner2/netcoreapp","Source":"C:\\Users\\justa\\Desktop\\APPAS\\real\\savings_app\\savings_app_tests\\bin\\Debug\\net6.0\\fine-code-coverage\\build-output\\savings_app_tests.dll","CodeFilePath":null,"LineNumber":0,"Properties":[]},{"Id":"eb18ae40-b2ec-9ccc-1937-f72c2d419651","FullyQualifiedName":"savings_app_tests.EmailSenderTests.NotifyRestaurantSoldProduct_ShouldSendEmail","DisplayName":"savings_app_tests.EmailSenderTests.NotifyRestaurantSoldProduct_ShouldSendEmail","ExecutorUri":"executor://xunit/VsTestRunner2/netcoreapp","Source":"C:\\Users\\justa\\Desktop\\APPAS\\real\\savings_app\\savings_app_tests\\bin\\Debug\\net6.0\\fine-code-coverage\\build-output\\savings_app_tests.dll","CodeFilePath":null,"LineNumber":0,"Properties":[]},{"Id":"54c5cae7-67a9-d720-cc73-9368679322be","FullyQualifiedName":"savings_app_tests.OrderServiceTests.GetOrder_ShouldReturnOrder_WhenOrderExists","DisplayName":"savings_app_tests.OrderServiceTests.GetOrder_ShouldReturnOrder_WhenOrderExists","ExecutorUri":"executor://xunit/VsTestRunner2/netcoreapp","Source":"C:\\Users\\justa\\Desktop\\APPAS\\real\\savings_app\\savings_app_tests\\bin\\Debug\\net6.0\\fine-code-coverage\\build-output\\savings_app_tests.dll","CodeFilePath":null,"LineNumber":0,"Properties":[]},{"Id":"41aa29ed-4218-4ed0-88df-8d95bcde1235","FullyQualifiedName":"savings_app_tests.ProductTests.ReduceAmount_ShouldInvokeProductSoldEvent_WhenAmountOfUnitsExceedAmount","DisplayName":"savings_app_tests.ProductTests.ReduceAmount_ShouldInvokeProductSoldEvent_WhenAmountOfUnitsExceedAmount","ExecutorUri":"executor://xunit/VsTestRunner2/netcoreapp","Source":"C:\\Users\\justa\\Desktop\\APPAS\\real\\savings_app\\savings_app_tests\\bin\\Debug\\net6.0\\fine-code-coverage\\build-output\\savings_app_tests.dll","CodeFilePath":null,"LineNumber":0,"Properties":[]}]}}
TpTrace Verbose: 0 : 28032, 13, 2022/11/27, 19:29:40.030, 42649635614, vstest.console.dll, TestRunRequest:SendTestRunStatsChange: Starting.
TpTrace Verbose: 0 : 28032, 13, 2022/11/27, 19:29:40.030, 42649636165, vstest.console.dll, InProgress is savings_app_tests.PickupServiceTests.GetPickup_ShouldThrowRecourseNotFoundException_WhenPickupDoesNotExist
TpTrace Verbose: 0 : 28032, 13, 2022/11/27, 19:29:40.030, 42649636403, vstest.console.dll, InProgress is savings_app_tests.ProductServiceTests.DeleteProduct_ShouldThrowRecourseNotFoundException_WhenProductDoesNotExist
TpTrace Verbose: 0 : 28032, 13, 2022/11/27, 19:29:40.030, 42649636575, vstest.console.dll, InProgress is savings_app_tests.BuyerServiceTests.GetBuyer_ShouldReturnBuyer_WhenBuyerExists
TpTrace Verbose: 0 : 28032, 13, 2022/11/27, 19:29:40.030, 42649636734, vstest.console.dll, InProgress is savings_app_tests.UserAuthServiceTests.GetUserAuth_ShouldReturnUserAuth_WhenUserAuthExists
TpTrace Verbose: 0 : 28032, 13, 2022/11/27, 19:29:40.030, 42649636892, vstest.console.dll, InProgress is savings_app_tests.RestaurantServiceTests.GetRestaurant_ShouldThrowRecourseNotFoundException_WhenRestaurantDoesNotExist
TpTrace Verbose: 0 : 28032, 13, 2022/11/27, 19:29:40.030, 42649637051, vstest.console.dll, InProgress is savings_app_tests.EmailSenderTests.NotifyRestaurantSoldProduct_ShouldSendEmail
TpTrace Verbose: 0 : 28032, 13, 2022/11/27, 19:29:40.030, 42649637204, vstest.console.dll, InProgress is savings_app_tests.OrderServiceTests.GetOrder_ShouldReturnOrder_WhenOrderExists
TpTrace Verbose: 0 : 28032, 13, 2022/11/27, 19:29:40.030, 42649637607, vstest.console.dll, InProgress is savings_app_tests.ProductTests.ReduceAmount_ShouldInvokeProductSoldEvent_WhenAmountOfUnitsExceedAmount
TpTrace Verbose: 0 : 28032, 13, 2022/11/27, 19:29:40.031, 42649638879, vstest.console.dll, MulticastDelegateUtilities.SafeInvoke: TestRun.RunStatsChanged: Invoking callbacks was skipped because there are no subscribers.
TpTrace Information: 0 : 28032, 13, 2022/11/27, 19:29:40.031, 42649639374, vstest.console.dll, TestRunRequest:SendTestRunStatsChange: Completed.
TpTrace Verbose: 0 : 28032, 13, 2022/11/27, 19:29:40.031, 42649639955, vstest.console.dll, MulticastDelegateUtilities.SafeInvoke: LengthPrefixCommunicationChannel: MessageReceived: Invoking callback 1/1 for Microsoft.VisualStudio.TestPlatform.CommunicationUtilities.TestRequestSender+<>c__DisplayClass31_0.<StartTestRun>b__1, took 7 ms.
TpTrace Verbose: 0 : 28032, 13, 2022/11/27, 19:29:40.031, 42649640219, vstest.console.dll, TcpClientExtensions.MessageLoopAsync: Polling on remoteEndPoint: 127.0.0.1:58265 localEndPoint: 127.0.0.1:58264
TpTrace Verbose: 0 : 28032, 4, 2022/11/27, 19:29:40.036, 42649691635, vstest.console.dll, MulticastDelegateUtilities.SafeInvoke: InternalTestLoggerEvents.SendTestResult: Invoking callback 1/1 for Microsoft.VisualStudio.TestPlatform.CommandLine.Internal.ConsoleLogger.TestResultHandler, took 5 ms.
TpTrace Verbose: 0 : 28032, 4, 2022/11/27, 19:29:40.036, 42649692762, vstest.console.dll, MulticastDelegateUtilities.SafeInvoke: InternalTestLoggerEvents.SendTestResult: Invoking callback 1/1 for Microsoft.VisualStudio.TestPlatform.CommandLine.Internal.ConsoleLogger.TestResultHandler, took 0 ms.
TpTrace Verbose: 0 : 28032, 13, 2022/11/27, 19:29:40.039, 42649727135, vstest.console.dll, TcpClientExtensions.MessageLoopAsync: NotifyDataAvailable remoteEndPoint: 127.0.0.1:58265 localEndPoint: 127.0.0.1:58264
TpTrace Verbose: 0 : 28032, 13, 2022/11/27, 19:29:40.040, 42649728709, vstest.console.dll, TestRequestSender.OnExecutionMessageReceived: Received message: {"Version":5,"MessageType":"TestExecution.StatsChange","Payload":{"NewTestResults":[{"TestCase":{"Id":"54c5cae7-67a9-d720-cc73-9368679322be","FullyQualifiedName":"savings_app_tests.OrderServiceTests.GetOrder_ShouldReturnOrder_WhenOrderExists","DisplayName":"savings_app_tests.OrderServiceTests.GetOrder_ShouldReturnOrder_WhenOrderExists","ExecutorUri":"executor://xunit/VsTestRunner2/netcoreapp","Source":"C:\\Users\\justa\\Desktop\\APPAS\\real\\savings_app\\savings_app_tests\\bin\\Debug\\net6.0\\fine-code-coverage\\build-output\\savings_app_tests.dll","CodeFilePath":null,"LineNumber":0,"Properties":[]},"Attachments":[],"Outcome":1,"ErrorMessage":null,"ErrorStackTrace":null,"DisplayName":"savings_app_tests.OrderServiceTests.GetOrder_ShouldReturnOrder_WhenOrderExists","Messages":[],"ComputerName":"LAPTOP-LEQ6CVCK","Duration":"00:00:00.0780074","StartTime":"2022-11-27T17:29:40.0246354+00:00","EndTime":"2022-11-27T17:29:40.0246355+00:00","Properties":[]},{"TestCase":{"Id":"4259ae5a-7b92-e090-e70d-4d038b88d524","FullyQualifiedName":"savings_app_tests.UserAuthServiceTests.GetUserAuth_ShouldReturnUserAuth_WhenUserAuthExists","DisplayName":"savings_app_tests.UserAuthServiceTests.GetUserAuth_ShouldReturnUserAuth_WhenUserAuthExists","ExecutorUri":"executor://xunit/VsTestRunner2/netcoreapp","Source":"C:\\Users\\justa\\Desktop\\APPAS\\real\\savings_app\\savings_app_tests\\bin\\Debug\\net6.0\\fine-code-coverage\\build-output\\savings_app_tests.dll","CodeFilePath":null,"LineNumber":0,"Properties":[]},"Attachments":[],"Outcome":1,"ErrorMessage":null,"ErrorStackTrace":null,"DisplayName":"savings_app_tests.UserAuthServiceTests.GetUserAuth_ShouldReturnUserAuth_WhenUserAuthExists","Messages":[],"ComputerName":"LAPTOP-LEQ6CVCK","Duration":"00:00:00.0779832","StartTime":"2022-11-27T17:29:40.0254717+00:00","EndTime":"2022-11-27T17:29:40.0254717+00:00","Properties":[]},{"TestCase":{"Id":"41aa29ed-4218-4ed0-88df-8d95bcde1235","FullyQualifiedName":"savings_app_tests.ProductTests.ReduceAmount_ShouldInvokeProductSoldEvent_WhenAmountOfUnitsExceedAmount","DisplayName":"savings_app_tests.ProductTests.ReduceAmount_ShouldInvokeProductSoldEvent_WhenAmountOfUnitsExceedAmount","ExecutorUri":"executor://xunit/VsTestRunner2/netcoreapp","Source":"C:\\Users\\justa\\Desktop\\APPAS\\real\\savings_app\\savings_app_tests\\bin\\Debug\\net6.0\\fine-code-coverage\\build-output\\savings_app_tests.dll","CodeFilePath":null,"LineNumber":0,"Properties":[]},"Attachments":[],"Outcome":1,"ErrorMessage":null,"ErrorStackTrace":null,"DisplayName":"savings_app_tests.ProductTests.ReduceAmount_ShouldInvokeProductSoldEvent_WhenAmountOfUnitsExceedAmount","Messages":[],"ComputerName":"LAPTOP-LEQ6CVCK","Duration":"00:00:00.0013051","StartTime":"2022-11-27T17:29:40.0275106+00:00","EndTime":"2022-11-27T17:29:40.0275107+00:00","Properties":[]},{"TestCase":{"Id":"1dc781de-2756-6fad-6b12-f7589fbb68f4","FullyQualifiedName":"savings_app_tests.OrderServiceTests.GetOrder_ShouldThrowRecourseNotFoundException_WhenOrderDoesNotExist","DisplayName":"savings_app_tests.OrderServiceTests.GetOrder_ShouldThrowRecourseNotFoundException_WhenOrderDoesNotExist","ExecutorUri":"executor://xunit/VsTestRunner2/netcoreapp","Source":"C:\\Users\\justa\\Desktop\\APPAS\\real\\savings_app\\savings_app_tests\\bin\\Debug\\net6.0\\fine-code-coverage\\build-output\\savings_app_tests.dll","CodeFilePath":null,"LineNumber":0,"Properties":[]},"Attachments":[],"Outcome":1,"ErrorMessage":null,"ErrorStackTrace":null,"DisplayName":"savings_app_tests.OrderServiceTests.GetOrder_ShouldThrowRecourseNotFoundException_WhenOrderDoesNotExist","Messages":[],"ComputerName":"LAPTOP-LEQ6CVCK","Duration":"00:00:00.0019898","StartTime":"2022-11-27T17:29:40.0282186+00:00","EndTime":"2022-11-27T17:29:40.0282187+00:00","Properties":[]},{"TestCase":{"Id":"777c58b8-d6ab-8047-9cf7-551f44ea05fa","FullyQualifiedName":"savings_app_tests.UserAuthServiceTests.GetUserAuth_ShouldThrowRecourseNotFoundException_WhenUserAuthDoesNotExist","DisplayName":"savings_app_tests.UserAuthServiceTests.GetUserAuth_ShouldThrowRecourseNotFoundException_WhenUserAuthDoesNotExist","ExecutorUri":"executor://xunit/VsTestRunner2/netcoreapp","Source":"C:\\Users\\justa\\Desktop\\APPAS\\real\\savings_app\\savings_app_tests\\bin\\Debug\\net6.0\\fine-code-coverage\\build-output\\savings_app_tests.dll","CodeFilePath":null,"LineNumber":0,"Properties":[]},"Attachments":[],"Outcome":1,"ErrorMessage":null,"ErrorStackTrace":null,"DisplayName":"savings_app_tests.UserAuthServiceTests.GetUserAuth_ShouldThrowRecourseNotFoundException_WhenUserAuthDoesNotExist","Messages":[],"ComputerName":"LAPTOP-LEQ6CVCK","Duration":"00:00:00.0020187","StartTime":"2022-11-27T17:29:40.0288277+00:00","EndTime":"2022-11-27T17:29:40.0288278+00:00","Properties":[]},{"TestCase":{"Id":"a1ecb7f9-c9c0-40fd-a9ab-89251285bb41","FullyQualifiedName":"savings_app_tests.PickupServiceTests.GetPickup_ShouldThrowRecourseNotFoundException_WhenPickupDoesNotExist","DisplayName":"savings_app_tests.PickupServiceTests.GetPickup_ShouldThrowRecourseNotFoundException_WhenPickupDoesNotExist","ExecutorUri":"executor://xunit/VsTestRunner2/netcoreapp","Source":"C:\\Users\\justa\\Desktop\\APPAS\\real\\savings_app\\savings_app_tests\\bin\\Debug\\net6.0\\fine-code-coverage\\build-output\\savings_app_tests.dll","CodeFilePath":null,"LineNumber":0,"Properties":[]},"Attachments":[],"Outcome":1,"ErrorMessage":null,"ErrorStackTrace":null,"DisplayName":"savings_app_tests.PickupServiceTests.GetPickup_ShouldThrowRecourseNotFoundException_WhenPickupDoesNotExist","Messages":[],"ComputerName":"LAPTOP-LEQ6CVCK","Duration":"00:00:00.0804538","StartTime":"2022-11-27T17:29:40.0298148+00:00","EndTime":"2022-11-27T17:29:40.0298148+00:00","Properties":[]},{"TestCase":{"Id":"2cf3ef3e-5276-fa00-4d1e-e048e6ed4055","FullyQualifiedName":"savings_app_tests.PickupServiceTests.GetPickup_ShouldReturnPickup_WhenPickupExists","DisplayName":"savings_app_tests.PickupServiceTests.GetPickup_ShouldReturnPickup_WhenPickupExists","ExecutorUri":"executor://xunit/VsTestRunner2/netcoreapp","Source":"C:\\Users\\justa\\Desktop\\APPAS\\real\\savings_app\\savings_app_tests\\bin\\Debug\\net6.0\\fine-code-coverage\\build-output\\savings_app_tests.dll","CodeFilePath":null,"LineNumber":0,"Properties":[]},"Attachments":[],"Outcome":1,"ErrorMessage":null,"ErrorStackTrace":null,"DisplayName":"savings_app_tests.PickupServiceTests.GetPickup_ShouldReturnPickup_WhenPickupExists","Messages":[],"ComputerName":"LAPTOP-LEQ6CVCK","Duration":"00:00:00.0008285","StartTime":"2022-11-27T17:29:40.0365763+00:00","EndTime":"2022-11-27T17:29:40.0365765+00:00","Properties":[]},{"TestCase":{"Id":"8b8b36a6-4169-1af7-c06e-b8dd90accdc1","FullyQualifiedName":"savings_app_tests.RestaurantServiceTests.GetRestaurant_ShouldThrowRecourseNotFoundException_WhenRestaurantDoesNotExist","DisplayName":"savings_app_tests.RestaurantServiceTests.GetRestaurant_ShouldThrowRecourseNotFoundException_WhenRestaurantDoesNotExist","ExecutorUri":"executor://xunit/VsTestRunner2/netcoreapp","Source":"C:\\Users\\justa\\Desktop\\APPAS\\real\\savings_app\\savings_app_tests\\bin\\Debug\\net6.0\\fine-code-coverage\\build-output\\savings_app_tests.dll","CodeFilePath":null,"LineNumber":0,"Properties":[]},"Attachments":[],"Outcome":1,"ErrorMessage":null,"ErrorStackTrace":null,"DisplayName":"savings_app_tests.RestaurantServiceTests.GetRestaurant_ShouldThrowRecourseNotFoundException_WhenRestaurantDoesNotExist","Messages":[],"ComputerName":"LAPTOP-LEQ6CVCK","Duration":"00:00:00.0827041","StartTime":"2022-11-27T17:29:40.0373628+00:00","EndTime":"2022-11-27T17:29:40.0373629+00:00","Properties":[]},{"TestCase":{"Id":"79e1a887-68c4-10b3-c171-bb97348ead9a","FullyQualifiedName":"savings_app_tests.BuyerServiceTests.GetBuyer_ShouldReturnBuyer_WhenBuyerExists","DisplayName":"savings_app_tests.BuyerServiceTests.GetBuyer_ShouldReturnBuyer_WhenBuyerExists","ExecutorUri":"executor://xunit/VsTestRunner2/netcoreapp","Source":"C:\\Users\\justa\\Desktop\\APPAS\\real\\savings_app\\savings_app_tests\\bin\\Debug\\net6.0\\fine-code-coverage\\build-output\\savings_app_tests.dll","CodeFilePath":null,"LineNumber":0,"Properties":[]},"Attachments":[],"Outcome":1,"ErrorMessage":null,"ErrorStackTrace":null,"DisplayName":"savings_app_tests.BuyerServiceTests.GetBuyer_ShouldReturnBuyer_WhenBuyerExists","Messages":[],"ComputerName":"LAPTOP-LEQ6CVCK","Duration":"00:00:00.0829665","StartTime":"2022-11-27T17:29:40.0386252+00:00","EndTime":"2022-11-27T17:29:40.0386253+00:00","Properties":[]}],"TestRunStatistics":{"ExecutedTests":11,"Stats":{"Passed":11}},"ActiveTests":[{"Id":"464ed940-664d-d8b1-37ed-bca0c50ea888","FullyQualifiedName":"savings_app_tests.RestaurantServiceTests.GetRestaurant_ShouldReturnRestaurant_WhenRestaurantExists","DisplayName":"savings_app_tests.RestaurantServiceTests.GetRestaurant_ShouldReturnRestaurant_WhenRestaurantExists","ExecutorUri":"executor://xunit/VsTestRunner2/netcoreapp","Source":"C:\\Users\\justa\\Desktop\\APPAS\\real\\savings_app\\savings_app_tests\\bin\\Debug\\net6.0\\fine-code-coverage\\build-output\\savings_app_tests.dll","CodeFilePath":null,"LineNumber":0,"Properties":[]}]}}
TpTrace Verbose: 0 : 28032, 13, 2022/11/27, 19:29:40.040, 42649735632, vstest.console.dll, TestRunRequest:SendTestRunStatsChange: Starting.
TpTrace Verbose: 0 : 28032, 13, 2022/11/27, 19:29:40.040, 42649736034, vstest.console.dll, InProgress is savings_app_tests.RestaurantServiceTests.GetRestaurant_ShouldReturnRestaurant_WhenRestaurantExists
TpTrace Verbose: 0 : 28032, 13, 2022/11/27, 19:29:40.040, 42649736457, vstest.console.dll, MulticastDelegateUtilities.SafeInvoke: TestRun.RunStatsChanged: Invoking callbacks was skipped because there are no subscribers.
TpTrace Information: 0 : 28032, 13, 2022/11/27, 19:29:40.040, 42649736673, vstest.console.dll, TestRunRequest:SendTestRunStatsChange: Completed.
TpTrace Verbose: 0 : 28032, 4, 2022/11/27, 19:29:40.040, 42649736862, vstest.console.dll, MulticastDelegateUtilities.SafeInvoke: InternalTestLoggerEvents.SendTestResult: Invoking callback 1/1 for Microsoft.VisualStudio.TestPlatform.CommandLine.Internal.ConsoleLogger.TestResultHandler, took 0 ms.
TpTrace Verbose: 0 : 28032, 13, 2022/11/27, 19:29:40.040, 42649736883, vstest.console.dll, MulticastDelegateUtilities.SafeInvoke: LengthPrefixCommunicationChannel: MessageReceived: Invoking callback 1/1 for Microsoft.VisualStudio.TestPlatform.CommunicationUtilities.TestRequestSender+<>c__DisplayClass31_0.<StartTestRun>b__1, took 0 ms.
TpTrace Verbose: 0 : 28032, 4, 2022/11/27, 19:29:40.040, 42649737603, vstest.console.dll, MulticastDelegateUtilities.SafeInvoke: InternalTestLoggerEvents.SendTestResult: Invoking callback 1/1 for Microsoft.VisualStudio.TestPlatform.CommandLine.Internal.ConsoleLogger.TestResultHandler, took 0 ms.
TpTrace Verbose: 0 : 28032, 13, 2022/11/27, 19:29:40.040, 42649737652, vstest.console.dll, TcpClientExtensions.MessageLoopAsync: Polling on remoteEndPoint: 127.0.0.1:58265 localEndPoint: 127.0.0.1:58264
TpTrace Verbose: 0 : 28032, 4, 2022/11/27, 19:29:40.041, 42649738135, vstest.console.dll, MulticastDelegateUtilities.SafeInvoke: InternalTestLoggerEvents.SendTestResult: Invoking callback 1/1 for Microsoft.VisualStudio.TestPlatform.CommandLine.Internal.ConsoleLogger.TestResultHandler, took 0 ms.
TpTrace Verbose: 0 : 28032, 4, 2022/11/27, 19:29:40.041, 42649738692, vstest.console.dll, MulticastDelegateUtilities.SafeInvoke: InternalTestLoggerEvents.SendTestResult: Invoking callback 1/1 for Microsoft.VisualStudio.TestPlatform.CommandLine.Internal.ConsoleLogger.TestResultHandler, took 0 ms.
TpTrace Verbose: 0 : 28032, 4, 2022/11/27, 19:29:40.041, 42649739253, vstest.console.dll, MulticastDelegateUtilities.SafeInvoke: InternalTestLoggerEvents.SendTestResult: Invoking callback 1/1 for Microsoft.VisualStudio.TestPlatform.CommandLine.Internal.ConsoleLogger.TestResultHandler, took 0 ms.
TpTrace Verbose: 0 : 28032, 4, 2022/11/27, 19:29:40.041, 42649739705, vstest.console.dll, MulticastDelegateUtilities.SafeInvoke: InternalTestLoggerEvents.SendTestResult: Invoking callback 1/1 for Microsoft.VisualStudio.TestPlatform.CommandLine.Internal.ConsoleLogger.TestResultHandler, took 0 ms.
TpTrace Verbose: 0 : 28032, 4, 2022/11/27, 19:29:40.042, 42649754857, vstest.console.dll, MulticastDelegateUtilities.SafeInvoke: InternalTestLoggerEvents.SendTestResult: Invoking callback 1/1 for Microsoft.VisualStudio.TestPlatform.CommandLine.Internal.ConsoleLogger.TestResultHandler, took 1 ms.
TpTrace Verbose: 0 : 28032, 4, 2022/11/27, 19:29:40.042, 42649755686, vstest.console.dll, MulticastDelegateUtilities.SafeInvoke: InternalTestLoggerEvents.SendTestResult: Invoking callback 1/1 for Microsoft.VisualStudio.TestPlatform.CommandLine.Internal.ConsoleLogger.TestResultHandler, took 0 ms.
TpTrace Verbose: 0 : 28032, 4, 2022/11/27, 19:29:40.042, 42649756019, vstest.console.dll, MulticastDelegateUtilities.SafeInvoke: InternalTestLoggerEvents.SendTestResult: Invoking callback 1/1 for Microsoft.VisualStudio.TestPlatform.CommandLine.Internal.ConsoleLogger.TestResultHandler, took 0 ms.
TpTrace Verbose: 0 : 28032, 13, 2022/11/27, 19:29:40.097, 42650306341, vstest.console.dll, TcpClientExtensions.MessageLoopAsync: NotifyDataAvailable remoteEndPoint: 127.0.0.1:58265 localEndPoint: 127.0.0.1:58264
TpTrace Verbose: 0 : 28032, 13, 2022/11/27, 19:29:40.098, 42650309072, vstest.console.dll, TestRequestSender.OnExecutionMessageReceived: Received message: {"Version":5,"MessageType":"TestExecution.StatsChange","Payload":{"NewTestResults":[{"TestCase":{"Id":"352054de-b3f3-e55b-0eff-255a8ad2d5e1","FullyQualifiedName":"savings_app_tests.ProductServiceTests.DeleteProduct_ShouldThrowRecourseNotFoundException_WhenProductDoesNotExist","DisplayName":"savings_app_tests.ProductServiceTests.DeleteProduct_ShouldThrowRecourseNotFoundException_WhenProductDoesNotExist","ExecutorUri":"executor://xunit/VsTestRunner2/netcoreapp","Source":"C:\\Users\\justa\\Desktop\\APPAS\\real\\savings_app\\savings_app_tests\\bin\\Debug\\net6.0\\fine-code-coverage\\build-output\\savings_app_tests.dll","CodeFilePath":null,"LineNumber":0,"Properties":[]},"Attachments":[],"Outcome":1,"ErrorMessage":null,"ErrorStackTrace":null,"DisplayName":"savings_app_tests.ProductServiceTests.DeleteProduct_ShouldThrowRecourseNotFoundException_WhenProductDoesNotExist","Messages":[],"ComputerName":"LAPTOP-LEQ6CVCK","Duration":"00:00:00.0834426","StartTime":"2022-11-27T17:29:40.040559+00:00","EndTime":"2022-11-27T17:29:40.0405591+00:00","Properties":[]},{"TestCase":{"Id":"464ed940-664d-d8b1-37ed-bca0c50ea888","FullyQualifiedName":"savings_app_tests.RestaurantServiceTests.GetRestaurant_ShouldReturnRestaurant_WhenRestaurantExists","DisplayName":"savings_app_tests.RestaurantServiceTests.GetRestaurant_ShouldReturnRestaurant_WhenRestaurantExists","ExecutorUri":"executor://xunit/VsTestRunner2/netcoreapp","Source":"C:\\Users\\justa\\Desktop\\APPAS\\real\\savings_app\\savings_app_tests\\bin\\Debug\\net6.0\\fine-code-coverage\\build-output\\savings_app_tests.dll","CodeFilePath":null,"LineNumber":0,"Properties":[]},"Attachments":[],"Outcome":1,"ErrorMessage":null,"ErrorStackTrace":null,"DisplayName":"savings_app_tests.RestaurantServiceTests.GetRestaurant_ShouldReturnRestaurant_WhenRestaurantExists","Messages":[],"ComputerName":"LAPTOP-LEQ6CVCK","Duration":"00:00:00.0017643","StartTime":"2022-11-27T17:29:40.0418883+00:00","EndTime":"2022-11-27T17:29:40.0418884+00:00","Properties":[]},{"TestCase":{"Id":"a8824b35-0cf9-e8dd-1b13-ed875efe206c","FullyQualifiedName":"savings_app_tests.BuyerServiceTests.GetBuyer_ShouldThrowRecourseNotFoundException_WhenBuyerDoesNotExist","DisplayName":"savings_app_tests.BuyerServiceTests.GetBuyer_ShouldThrowRecourseNotFoundException_WhenBuyerDoesNotExist","ExecutorUri":"executor://xunit/VsTestRunner2/netcoreapp","Source":"C:\\Users\\justa\\Desktop\\APPAS\\real\\savings_app\\savings_app_tests\\bin\\Debug\\net6.0\\fine-code-coverage\\build-output\\savings_app_tests.dll","CodeFilePath":null,"LineNumber":0,"Properties":[]},"Attachments":[],"Outcome":1,"ErrorMessage":null,"ErrorStackTrace":null,"DisplayName":"savings_app_tests.BuyerServiceTests.GetBuyer_ShouldThrowRecourseNotFoundException_WhenBuyerDoesNotExist","Messages":[],"ComputerName":"LAPTOP-LEQ6CVCK","Duration":"00:00:00.0017291","StartTime":"2022-11-27T17:29:40.042559+00:00","EndTime":"2022-11-27T17:29:40.0425591+00:00","Properties":[]},{"TestCase":{"Id":"7b858b09-40e2-2301-4680-1a75fedc6749","FullyQualifiedName":"savings_app_tests.ProductServiceTests.GetProduct_ShouldReturnProduct_WhenProductExists","DisplayName":"savings_app_tests.ProductServiceTests.GetProduct_ShouldReturnProduct_WhenProductExists","ExecutorUri":"executor://xunit/VsTestRunner2/netcoreapp","Source":"C:\\Users\\justa\\Desktop\\APPAS\\real\\savings_app\\savings_app_tests\\bin\\Debug\\net6.0\\fine-code-coverage\\build-output\\savings_app_tests.dll","CodeFilePath":null,"LineNumber":0,"Properties":[]},"Attachments":[],"Outcome":1,"ErrorMessage":null,"ErrorStackTrace":null,"DisplayName":"savings_app_tests.ProductServiceTests.GetProduct_ShouldReturnProduct_WhenProductExists","Messages":[],"ComputerName":"LAPTOP-LEQ6CVCK","Duration":"00:00:00.0027803","StartTime":"2022-11-27T17:29:40.0431039+00:00","EndTime":"2022-11-27T17:29:40.0431039+00:00","Properties":[]},{"TestCase":{"Id":"ed91c12c-c807-c2f8-3cc3-682c7d94acac","FullyQualifiedName":"savings_app_tests.ProductServiceTests.PostProduct_ShouldThrowInvalidIdentityException_WhenRestaurantCreatesProductWithInvalidRestaurantId","DisplayName":"savings_app_tests.ProductServiceTests.PostProduct_ShouldThrowInvalidIdentityException_WhenRestaurantCreatesProductWithInvalidRestaurantId","ExecutorUri":"executor://xunit/VsTestRunner2/netcoreapp","Source":"C:\\Users\\justa\\Desktop\\APPAS\\real\\savings_app\\savings_app_tests\\bin\\Debug\\net6.0\\fine-code-coverage\\build-output\\savings_app_tests.dll","CodeFilePath":null,"LineNumber":0,"Properties":[]},"Attachments":[],"Outcome":1,"ErrorMessage":null,"ErrorStackTrace":null,"DisplayName":"savings_app_tests.ProductServiceTests.PostProduct_ShouldThrowInvalidIdentityException_WhenRestaurantCreatesProductWithInvalidRestaurantId","Messages":[],"ComputerName":"LAPTOP-LEQ6CVCK","Duration":"00:00:00.0214627","StartTime":"2022-11-27T17:29:40.0441951+00:00","EndTime":"2022-11-27T17:29:40.0441952+00:00","Properties":[]},{"TestCase":{"Id":"31e5b3b3-a542-a5df-5ad6-9f5b1a69c79e","FullyQualifiedName":"savings_app_tests.ProductServiceTests.DeleteProduct_ShouldThrowInvalidIdentityException_WhenRestaurantTriesDeletingNotItsOwnProduct","DisplayName":"savings_app_tests.ProductServiceTests.DeleteProduct_ShouldThrowInvalidIdentityException_WhenRestaurantTriesDeletingNotItsOwnProduct","ExecutorUri":"executor://xunit/VsTestRunner2/netcoreapp","Source":"C:\\Users\\justa\\Desktop\\APPAS\\real\\savings_app\\savings_app_tests\\bin\\Debug\\net6.0\\fine-code-coverage\\build-output\\savings_app_tests.dll","CodeFilePath":null,"LineNumber":0,"Properties":[]},"Attachments":[],"Outcome":1,"ErrorMessage":null,"ErrorStackTrace":null,"DisplayName":"savings_app_tests.ProductServiceTests.DeleteProduct_ShouldThrowInvalidIdentityException_WhenRestaurantTriesDeletingNotItsOwnProduct","Messages":[],"ComputerName":"LAPTOP-LEQ6CVCK","Duration":"00:00:00.0067026","StartTime":"2022-11-27T17:29:40.0453122+00:00","EndTime":"2022-11-27T17:29:40.0453123+00:00","Properties":[]},{"TestCase":{"Id":"1d24d8a3-a5dd-4b39-e760-7f628747d440","FullyQualifiedName":"savings_app_tests.ProductServiceTests.PostProduct_ShouldReturnProductAndSaveImage_WhenProductHasBeenCreated","DisplayName":"savings_app_tests.ProductServiceTests.PostProduct_ShouldReturnProductAndSaveImage_WhenProductHasBeenCreated","ExecutorUri":"executor://xunit/VsTestRunner2/netcoreapp","Source":"C:\\Users\\justa\\Desktop\\APPAS\\real\\savings_app\\savings_app_tests\\bin\\Debug\\net6.0\\fine-code-coverage\\build-output\\savings_app_tests.dll","CodeFilePath":null,"LineNumber":0,"Properties":[]},"Attachments":[],"Outcome":1,"ErrorMessage":null,"ErrorStackTrace":null,"DisplayName":"savings_app_tests.ProductServiceTests.PostProduct_ShouldReturnProductAndSaveImage_WhenProductHasBeenCreated","Messages":[],"ComputerName":"LAPTOP-LEQ6CVCK","Duration":"00:00:00.0027770","StartTime":"2022-11-27T17:29:40.0464908+00:00","EndTime":"2022-11-27T17:29:40.0464909+00:00","Properties":[]},{"TestCase":{"Id":"6271e8b4-4f5b-6b9f-eecb-db69d4d673a0","FullyQualifiedName":"savings_app_tests.ProductServiceTests.GetProduct_ShouldThrowRecourseNotFoundException_WhenProductDoesNotExist","DisplayName":"savings_app_tests.ProductServiceTests.GetProduct_ShouldThrowRecourseNotFoundException_WhenProductDoesNotExist","ExecutorUri":"executor://xunit/VsTestRunner2/netcoreapp","Source":"C:\\Users\\justa\\Desktop\\APPAS\\real\\savings_app\\savings_app_tests\\bin\\Debug\\net6.0\\fine-code-coverage\\build-output\\savings_app_tests.dll","CodeFilePath":null,"LineNumber":0,"Properties":[]},"Attachments":[],"Outcome":1,"ErrorMessage":null,"ErrorStackTrace":null,"DisplayName":"savings_app_tests.ProductServiceTests.GetProduct_ShouldThrowRecourseNotFoundException_WhenProductDoesNotExist","Messages":[],"ComputerName":"LAPTOP-LEQ6CVCK","Duration":"00:00:00.0009389","StartTime":"2022-11-27T17:29:40.0478726+00:00","EndTime":"2022-11-27T17:29:40.0478727+00:00","Properties":[]},{"TestCase":{"Id":"39c9f9b7-26cf-42ac-8ddc-c3167f4dc4ee","FullyQualifiedName":"savings_app_tests.ProductServiceTests.GetFilteredProducts_ShouldThrowInvalidRequestArgumentsException_WhenInvalidOrder","DisplayName":"savings_app_tests.ProductServiceTests.GetFilteredProducts_ShouldThrowInvalidRequestArgumentsException_WhenInvalidOrder","ExecutorUri":"executor://xunit/VsTestRunner2/netcoreapp","Source":"C:\\Users\\justa\\Desktop\\APPAS\\real\\savings_app\\savings_app_tests\\bin\\Debug\\net6.0\\fine-code-coverage\\build-output\\savings_app_tests.dll","CodeFilePath":null,"LineNumber":0,"Properties":[]},"Attachments":[],"Outcome":1,"ErrorMessage":null,"ErrorStackTrace":null,"DisplayName":"savings_app_tests.ProductServiceTests.GetFilteredProducts_ShouldThrowInvalidRequestArgumentsException_WhenInvalidOrder","Messages":[],"ComputerName":"LAPTOP-LEQ6CVCK","Duration":"00:00:00.0016126","StartTime":"2022-11-27T17:29:40.0490239+00:00","EndTime":"2022-11-27T17:29:40.0490239+00:00","Properties":[]},{"TestCase":{"Id":"5a4dcd4c-9e3a-c12a-65f8-ee04bb6d61cd","FullyQualifiedName":"savings_app_tests.AuthServiceTests.GenerateToken_ShouldGenerateTokenForBuyer","DisplayName":"savings_app_tests.AuthServiceTests.GenerateToken_ShouldGenerateTokenForBuyer","ExecutorUri":"executor://xunit/VsTestRunner2/netcoreapp","Source":"C:\\Users\\justa\\Desktop\\APPAS\\real\\savings_app\\savings_app_tests\\bin\\Debug\\net6.0\\fine-code-coverage\\build-output\\savings_app_tests.dll","CodeFilePath":null,"LineNumber":0,"Properties":[]},"Attachments":[],"Outcome":1,"ErrorMessage":null,"ErrorStackTrace":null,"DisplayName":"savings_app_tests.AuthServiceTests.GenerateToken_ShouldGenerateTokenForBuyer","Messages":[],"ComputerName":"LAPTOP-LEQ6CVCK","Duration":"00:00:00.1747101","StartTime":"2022-11-27T17:29:40.096074+00:00","EndTime":"2022-11-27T17:29:40.0960742+00:00","Properties":[]}],"TestRunStatistics":{"ExecutedTests":21,"Stats":{"Passed":21}},"ActiveTests":[]}}
TpTrace Verbose: 0 : 28032, 13, 2022/11/27, 19:29:40.098, 42650315258, vstest.console.dll, TestRunRequest:SendTestRunStatsChange: Starting.
TpTrace Verbose: 0 : 28032, 13, 2022/11/27, 19:29:40.098, 42650315656, vstest.console.dll, MulticastDelegateUtilities.SafeInvoke: TestRun.RunStatsChanged: Invoking callbacks was skipped because there are no subscribers.
TpTrace Information: 0 : 28032, 13, 2022/11/27, 19:29:40.098, 42650315848, vstest.console.dll, TestRunRequest:SendTestRunStatsChange: Completed.
TpTrace Verbose: 0 : 28032, 13, 2022/11/27, 19:29:40.098, 42650316046, vstest.console.dll, MulticastDelegateUtilities.SafeInvoke: LengthPrefixCommunicationChannel: MessageReceived: Invoking callback 1/1 for Microsoft.VisualStudio.TestPlatform.CommunicationUtilities.TestRequestSender+<>c__DisplayClass31_0.<StartTestRun>b__1, took 0 ms.
TpTrace Verbose: 0 : 28032, 4, 2022/11/27, 19:29:40.098, 42650316060, vstest.console.dll, MulticastDelegateUtilities.SafeInvoke: InternalTestLoggerEvents.SendTestResult: Invoking callback 1/1 for Microsoft.VisualStudio.TestPlatform.CommandLine.Internal.ConsoleLogger.TestResultHandler, took 0 ms.
TpTrace Verbose: 0 : 28032, 4, 2022/11/27, 19:29:40.098, 42650317153, vstest.console.dll, MulticastDelegateUtilities.SafeInvoke: InternalTestLoggerEvents.SendTestResult: Invoking callback 1/1 for Microsoft.VisualStudio.TestPlatform.CommandLine.Internal.ConsoleLogger.TestResultHandler, took 0 ms.
TpTrace Verbose: 0 : 28032, 13, 2022/11/27, 19:29:40.098, 42650316520, vstest.console.dll, TcpClientExtensions.MessageLoopAsync: Polling on remoteEndPoint: 127.0.0.1:58265 localEndPoint: 127.0.0.1:58264
TpTrace Verbose: 0 : 28032, 4, 2022/11/27, 19:29:40.098, 42650317505, vstest.console.dll, MulticastDelegateUtilities.SafeInvoke: InternalTestLoggerEvents.SendTestResult: Invoking callback 1/1 for Microsoft.VisualStudio.TestPlatform.CommandLine.Internal.ConsoleLogger.TestResultHandler, took 0 ms.
TpTrace Verbose: 0 : 28032, 4, 2022/11/27, 19:29:40.099, 42650317922, vstest.console.dll, MulticastDelegateUtilities.SafeInvoke: InternalTestLoggerEvents.SendTestResult: Invoking callback 1/1 for Microsoft.VisualStudio.TestPlatform.CommandLine.Internal.ConsoleLogger.TestResultHandler, took 0 ms.
TpTrace Verbose: 0 : 28032, 4, 2022/11/27, 19:29:40.099, 42650318213, vstest.console.dll, MulticastDelegateUtilities.SafeInvoke: InternalTestLoggerEvents.SendTestResult: Invoking callback 1/1 for Microsoft.VisualStudio.TestPlatform.CommandLine.Internal.ConsoleLogger.TestResultHandler, took 0 ms.
TpTrace Verbose: 0 : 28032, 4, 2022/11/27, 19:29:40.099, 42650318540, vstest.console.dll, MulticastDelegateUtilities.SafeInvoke: InternalTestLoggerEvents.SendTestResult: Invoking callback 1/1 for Microsoft.VisualStudio.TestPlatform.CommandLine.Internal.ConsoleLogger.TestResultHandler, took 0 ms.
TpTrace Verbose: 0 : 28032, 4, 2022/11/27, 19:29:40.099, 42650318855, vstest.console.dll, MulticastDelegateUtilities.SafeInvoke: InternalTestLoggerEvents.SendTestResult: Invoking callback 1/1 for Microsoft.VisualStudio.TestPlatform.CommandLine.Internal.ConsoleLogger.TestResultHandler, took 0 ms.
TpTrace Verbose: 0 : 28032, 4, 2022/11/27, 19:29:40.099, 42650319125, vstest.console.dll, MulticastDelegateUtilities.SafeInvoke: InternalTestLoggerEvents.SendTestResult: Invoking callback 1/1 for Microsoft.VisualStudio.TestPlatform.CommandLine.Internal.ConsoleLogger.TestResultHandler, took 0 ms.
TpTrace Verbose: 0 : 28032, 4, 2022/11/27, 19:29:40.099, 42650319402, vstest.console.dll, MulticastDelegateUtilities.SafeInvoke: InternalTestLoggerEvents.SendTestResult: Invoking callback 1/1 for Microsoft.VisualStudio.TestPlatform.CommandLine.Internal.ConsoleLogger.TestResultHandler, took 0 ms.
TpTrace Verbose: 0 : 28032, 4, 2022/11/27, 19:29:40.099, 42650319712, vstest.console.dll, MulticastDelegateUtilities.SafeInvoke: InternalTestLoggerEvents.SendTestResult: Invoking callback 1/1 for Microsoft.VisualStudio.TestPlatform.CommandLine.Internal.ConsoleLogger.TestResultHandler, took 0 ms.
TpTrace Verbose: 0 : 28032, 13, 2022/11/27, 19:29:41.105, 42660378907, vstest.console.dll, TcpClientExtensions.MessageLoopAsync: Polling on remoteEndPoint: 127.0.0.1:58265 localEndPoint: 127.0.0.1:58264
TpTrace Verbose: 0 : 28032, 13, 2022/11/27, 19:29:42.112, 42670452187, vstest.console.dll, TcpClientExtensions.MessageLoopAsync: Polling on remoteEndPoint: 127.0.0.1:58265 localEndPoint: 127.0.0.1:58264
TpTrace Verbose: 0 : 28032, 13, 2022/11/27, 19:29:43.121, 42680538804, vstest.console.dll, TcpClientExtensions.MessageLoopAsync: Polling on remoteEndPoint: 127.0.0.1:58265 localEndPoint: 127.0.0.1:58264
TpTrace Verbose: 0 : 28032, 13, 2022/11/27, 19:29:44.131, 42690646294, vstest.console.dll, TcpClientExtensions.MessageLoopAsync: Polling on remoteEndPoint: 127.0.0.1:58265 localEndPoint: 127.0.0.1:58264
TpTrace Verbose: 0 : 28032, 13, 2022/11/27, 19:29:45.145, 42700779752, vstest.console.dll, TcpClientExtensions.MessageLoopAsync: Polling on remoteEndPoint: 127.0.0.1:58265 localEndPoint: 127.0.0.1:58264
TpTrace Verbose: 0 : 28032, 13, 2022/11/27, 19:29:46.152, 42710851924, vstest.console.dll, TcpClientExtensions.MessageLoopAsync: Polling on remoteEndPoint: 127.0.0.1:58265 localEndPoint: 127.0.0.1:58264
TpTrace Verbose: 0 : 28032, 13, 2022/11/27, 19:29:47.159, 42720921636, vstest.console.dll, TcpClientExtensions.MessageLoopAsync: Polling on remoteEndPoint: 127.0.0.1:58265 localEndPoint: 127.0.0.1:58264
TpTrace Verbose: 0 : 28032, 13, 2022/11/27, 19:29:48.167, 42731007423, vstest.console.dll, TcpClientExtensions.MessageLoopAsync: Polling on remoteEndPoint: 127.0.0.1:58265 localEndPoint: 127.0.0.1:58264
TpTrace Verbose: 0 : 28032, 13, 2022/11/27, 19:29:49.175, 42741081406, vstest.console.dll, TcpClientExtensions.MessageLoopAsync: Polling on remoteEndPoint: 127.0.0.1:58265 localEndPoint: 127.0.0.1:58264
TpTrace Verbose: 0 : 28032, 13, 2022/11/27, 19:29:50.186, 42751195310, vstest.console.dll, TcpClientExtensions.MessageLoopAsync: Polling on remoteEndPoint: 127.0.0.1:58265 localEndPoint: 127.0.0.1:58264
TpTrace Verbose: 0 : 28032, 13, 2022/11/27, 19:29:51.199, 42761323020, vstest.console.dll, TcpClientExtensions.MessageLoopAsync: Polling on remoteEndPoint: 127.0.0.1:58265 localEndPoint: 127.0.0.1:58264
TpTrace Verbose: 0 : 28032, 13, 2022/11/27, 19:29:52.210, 42771427966, vstest.console.dll, TcpClientExtensions.MessageLoopAsync: Polling on remoteEndPoint: 127.0.0.1:58265 localEndPoint: 127.0.0.1:58264
TpTrace Verbose: 0 : 28032, 13, 2022/11/27, 19:29:53.219, 42781524638, vstest.console.dll, TcpClientExtensions.MessageLoopAsync: Polling on remoteEndPoint: 127.0.0.1:58265 localEndPoint: 127.0.0.1:58264
TpTrace Verbose: 0 : 28032, 13, 2022/11/27, 19:29:54.233, 42791659165, vstest.console.dll, TcpClientExtensions.MessageLoopAsync: Polling on remoteEndPoint: 127.0.0.1:58265 localEndPoint: 127.0.0.1:58264
TpTrace Verbose: 0 : 28032, 13, 2022/11/27, 19:29:55.245, 42801787813, vstest.console.dll, TcpClientExtensions.MessageLoopAsync: Polling on remoteEndPoint: 127.0.0.1:58265 localEndPoint: 127.0.0.1:58264
TpTrace Verbose: 0 : 28032, 13, 2022/11/27, 19:29:56.256, 42811897263, vstest.console.dll, TcpClientExtensions.MessageLoopAsync: Polling on remoteEndPoint: 127.0.0.1:58265 localEndPoint: 127.0.0.1:58264
TpTrace Verbose: 0 : 28032, 13, 2022/11/27, 19:29:57.261, 42821940004, vstest.console.dll, TcpClientExtensions.MessageLoopAsync: Polling on remoteEndPoint: 127.0.0.1:58265 localEndPoint: 127.0.0.1:58264
TpTrace Verbose: 0 : 28032, 13, 2022/11/27, 19:29:58.272, 42832047944, vstest.console.dll, TcpClientExtensions.MessageLoopAsync: Polling on remoteEndPoint: 127.0.0.1:58265 localEndPoint: 127.0.0.1:58264
TpTrace Verbose: 0 : 28032, 13, 2022/11/27, 19:29:59.278, 42842108132, vstest.console.dll, TcpClientExtensions.MessageLoopAsync: Polling on remoteEndPoint: 127.0.0.1:58265 localEndPoint: 127.0.0.1:58264
TpTrace Verbose: 0 : 28032, 13, 2022/11/27, 19:29:59.983, 42849160049, vstest.console.dll, TcpClientExtensions.MessageLoopAsync: NotifyDataAvailable remoteEndPoint: 127.0.0.1:58265 localEndPoint: 127.0.0.1:58264
TpTrace Verbose: 0 : 28032, 13, 2022/11/27, 19:29:59.983, 42849161218, vstest.console.dll, TestRequestSender.OnExecutionMessageReceived: Received message: {"Version":5,"MessageType":"TestSession.Message","Payload":{"MessageLevel":0,"Message":"[xUnit.net 00:00:21.55]   Finished:    savings_app_tests"}}
TpTrace Verbose: 0 : 28032, 13, 2022/11/27, 19:29:59.983, 42849161994, vstest.console.dll, TestRunRequest:SendTestRunMessage: Starting.
TpTrace Verbose: 0 : 28032, 13, 2022/11/27, 19:29:59.983, 42849162348, vstest.console.dll, MulticastDelegateUtilities.SafeInvoke: TestRun.LogMessages: Invoking callback 1/1 for Microsoft.VisualStudio.TestPlatform.CommandLine.TestRunResultAggregator.TestRunMessageHandler, took 0 ms.
TpTrace Information: 0 : 28032, 13, 2022/11/27, 19:29:59.983, 42849162531, vstest.console.dll, TestRunRequest:SendTestRunMessage: Completed.
TpTrace Verbose: 0 : 28032, 4, 2022/11/27, 19:29:59.983, 42849162514, vstest.console.dll, MulticastDelegateUtilities.SafeInvoke: InternalTestLoggerEvents.SendTestRunMessage: Invoking callback 1/1 for Microsoft.VisualStudio.TestPlatform.CommandLine.Internal.ConsoleLogger.TestMessageHandler, took 0 ms.
TpTrace Verbose: 0 : 28032, 13, 2022/11/27, 19:29:59.983, 42849162738, vstest.console.dll, MulticastDelegateUtilities.SafeInvoke: LengthPrefixCommunicationChannel: MessageReceived: Invoking callback 1/1 for Microsoft.VisualStudio.TestPlatform.CommunicationUtilities.TestRequestSender+<>c__DisplayClass31_0.<StartTestRun>b__1, took 0 ms.
TpTrace Verbose: 0 : 28032, 13, 2022/11/27, 19:29:59.983, 42849163427, vstest.console.dll, TcpClientExtensions.MessageLoopAsync: Polling on remoteEndPoint: 127.0.0.1:58265 localEndPoint: 127.0.0.1:58264
TpTrace Verbose: 0 : 28032, 13, 2022/11/27, 19:29:59.993, 42849266060, vstest.console.dll, TcpClientExtensions.MessageLoopAsync: NotifyDataAvailable remoteEndPoint: 127.0.0.1:58265 localEndPoint: 127.0.0.1:58264
TpTrace Verbose: 0 : 28032, 13, 2022/11/27, 19:29:59.993, 42849266877, vstest.console.dll, TestRequestSender.OnExecutionMessageReceived: Received message: {"Version":5,"MessageType":"TestExecution.Completed","Payload":{"TestRunCompleteArgs":{"TestRunStatistics":{"ExecutedTests":22,"Stats":{"Passed":22}},"IsCanceled":false,"IsAborted":false,"Error":null,"AttachmentSets":[],"ElapsedTimeInRunningTests":"00:00:21.5664834","Metrics":{}},"LastRunTests":{"NewTestResults":[{"TestCase":{"Id":"eb18ae40-b2ec-9ccc-1937-f72c2d419651","FullyQualifiedName":"savings_app_tests.EmailSenderTests.NotifyRestaurantSoldProduct_ShouldSendEmail","DisplayName":"savings_app_tests.EmailSenderTests.NotifyRestaurantSoldProduct_ShouldSendEmail","ExecutorUri":"executor://xunit/VsTestRunner2/netcoreapp","Source":"C:\\Users\\justa\\Desktop\\APPAS\\real\\savings_app\\savings_app_tests\\bin\\Debug\\net6.0\\fine-code-coverage\\build-output\\savings_app_tests.dll","CodeFilePath":null,"LineNumber":0,"Properties":[]},"Attachments":[],"Outcome":1,"ErrorMessage":null,"ErrorStackTrace":null,"DisplayName":"savings_app_tests.EmailSenderTests.NotifyRestaurantSoldProduct_ShouldSendEmail","Messages":[],"ComputerName":"LAPTOP-LEQ6CVCK","Duration":"00:00:20.0572634","StartTime":"2022-11-27T17:29:59.981038+00:00","EndTime":"2022-11-27T17:29:59.9810382+00:00","Properties":[]}],"TestRunStatistics":{"ExecutedTests":22,"Stats":{"Passed":22}},"ActiveTests":[]},"RunAttachments":[],"ExecutorUris":["executor://xunit/VsTestRunner2/netcoreapp"]}}
TpTrace Verbose: 0 : 28032, 13, 2022/11/27, 19:29:59.993, 42849267348, vstest.console.dll, TestRequestSender.EndSession: Sending end session.
TpTrace Verbose: 0 : 28032, 13, 2022/11/27, 19:29:59.994, 42849268846, vstest.console.dll, ProxyOperationManager.Close: waiting for test host to exit for 100 ms
TpTrace Warning: 0 : 28032, 12, 2022/11/27, 19:30:00.002, 42849349089, vstest.console.dll, TestHostManagerCallbacks.ErrorReceivedCallback Test host standard error line: 
TpTrace Verbose: 0 : 28032, 12, 2022/11/27, 19:30:00.022, 42849552890, vstest.console.dll, TestHostProvider.ExitCallBack: Host exited starting callback.
TpTrace Information: 0 : 28032, 12, 2022/11/27, 19:30:00.023, 42849559178, vstest.console.dll, TestHostManagerCallbacks.ExitCallBack: Testhost processId: 29440 exited with exitcode: 0 error: ''
TpTrace Verbose: 0 : 28032, 12, 2022/11/27, 19:30:00.023, 42849559742, vstest.console.dll, DotnetTestHostManager.OnHostExited: invoking OnHostExited callback
TpTrace Verbose: 0 : 28032, 12, 2022/11/27, 19:30:00.023, 42849560139, vstest.console.dll, CrossPlatEngine.TestHostManagerHostExited: calling on client process exit callback.
TpTrace Information: 0 : 28032, 12, 2022/11/27, 19:30:00.023, 42849560919, vstest.console.dll, TestRequestSender.OnClientProcessExit: Test host process exited. Standard error: 
TpTrace Information: 0 : 28032, 12, 2022/11/27, 19:30:00.023, 42849561314, vstest.console.dll, SocketServer.Stop: Stop server endPoint: 127.0.0.1:58264
TpTrace Information: 0 : 28032, 13, 2022/11/27, 19:30:00.023, 42849561325, vstest.console.dll, SocketServer.Stop: Stop server endPoint: 127.0.0.1:58264
TpTrace Information: 0 : 28032, 12, 2022/11/27, 19:30:00.023, 42849561533, vstest.console.dll, SocketServer.Stop: Cancellation requested. Stopping message loop.
TpTrace Information: 0 : 28032, 13, 2022/11/27, 19:30:00.023, 42849561953, vstest.console.dll, SocketServer.Stop: Cancellation requested. Stopping message loop.
TpTrace Information: 0 : 28032, 13, 2022/11/27, 19:30:00.023, 42849563312, vstest.console.dll, Closing the connection
TpTrace Verbose: 0 : 28032, 12, 2022/11/27, 19:30:00.023, 42849563432, vstest.console.dll, MulticastDelegateUtilities.SafeInvoke: HostProviderEvents.OnHostExited: Invoking callback 1/1 for Microsoft.VisualStudio.TestPlatform.CrossPlatEngine.Client.ProxyOperationManager.TestHostManagerHostExited, took 0 ms.
TpTrace Verbose: 0 : 28032, 13, 2022/11/27, 19:30:00.023, 42849565244, vstest.console.dll, ProxyDataCollectionManager.InvokeDataCollectionServiceAction: Starting.
TpTrace Information: 0 : 28032, 13, 2022/11/27, 19:30:00.023, 42849565724, vstest.console.dll, ProxyDataCollectionManager.AfterTestRunEnd: Get attachment set and invoked data collectors processId: 28528 port: 58259
TpTrace Verbose: 0 : 28032, 13, 2022/11/27, 19:30:00.023, 42849566041, vstest.console.dll, DataCollectionRequestSender.SendAfterTestRunStartAndGetResult: Send AfterTestRunEnd message with isCancelled: False
TpTrace Verbose: 0 : 28032, 13, 2022/11/27, 19:30:00.035, 42849686244, vstest.console.dll, DataCollectionRequestSender.SendAfterTestRunStartAndGetResult: Received message: (DataCollection.AfterTestRunEndResult) -> {"MessageType":"DataCollection.AfterTestRunEndResult","Payload":{"AttachmentSets":[],"InvokedDataCollectors":[{"Uri":"datacollector://Microsoft/TestPlatform/Extensions/Blame/v1","FriendlyName":"Blame","AssemblyQualifiedName":"Microsoft.TestPlatform.Extensions.BlameDataCollector.BlameCollector, Microsoft.TestPlatform.Extensions.BlameDataCollector, Version=15.0.0.0, Culture=neutral, PublicKeyToken=b03f5f7f11d50a3a","FilePath":"C:\\Program Files\\dotnet\\sdk\\6.0.400\\Extensions\\Microsoft.TestPlatform.Extensions.BlameDataCollector.dll","HasAttachmentProcessor":false}],"Metrics":{}}}
TpTrace Warning: 0 : 28032, 9, 2022/11/27, 19:30:00.039, 42849720209, vstest.console.dll, DataCollectionLauncher.ErrorReceivedCallback datacollector standard error line: 
TpTrace Information: 0 : 28032, 13, 2022/11/27, 19:30:00.039, 42849727728, vstest.console.dll, ProxyDataCollectionManager.InvokeDataCollectionServiceAction: Completed.
TpTrace Information: 0 : 28032, 9, 2022/11/27, 19:30:00.043, 42849763128, vstest.console.dll, DataCollectionLauncher.ExitCallBack: Data collector exited with exitcode: 0 error: ''
TpTrace Verbose: 0 : 28032, 13, 2022/11/27, 19:30:00.066, 42849995563, vstest.console.dll, TestRunRequest:SendTestRunStatsChange: Starting.
TpTrace Verbose: 0 : 28032, 13, 2022/11/27, 19:30:00.066, 42849996331, vstest.console.dll, MulticastDelegateUtilities.SafeInvoke: TestRun.RunStatsChanged: Invoking callbacks was skipped because there are no subscribers.
TpTrace Information: 0 : 28032, 13, 2022/11/27, 19:30:00.066, 42849996583, vstest.console.dll, TestRunRequest:SendTestRunStatsChange: Completed.
TpTrace Verbose: 0 : 28032, 4, 2022/11/27, 19:30:00.066, 42849996990, vstest.console.dll, MulticastDelegateUtilities.SafeInvoke: InternalTestLoggerEvents.SendTestResult: Invoking callback 1/1 for Microsoft.VisualStudio.TestPlatform.CommandLine.Internal.ConsoleLogger.TestResultHandler, took 0 ms.
TpTrace Verbose: 0 : 28032, 13, 2022/11/27, 19:30:00.067, 42849998933, vstest.console.dll, ParallelProxyExecutionManager: HandlePartialRunComplete: Total completed clients = 1, Run complete = True, Run canceled: False.
TpTrace Verbose: 0 : 28032, 4, 2022/11/27, 19:30:00.074, 42850075048, vstest.console.dll, MulticastDelegateUtilities.SafeInvoke: InternalTestLoggerEvents.SendTestRunComplete: Invoking callback 1/2 for Microsoft.TestPlatform.Extensions.BlameDataCollector.BlameLogger.TestRunCompleteHandler, took 0 ms.
TpTrace Verbose: 0 : 28032, 4, 2022/11/27, 19:30:00.080, 42850132812, vstest.console.dll, MulticastDelegateUtilities.SafeInvoke: InternalTestLoggerEvents.SendTestRunComplete: Invoking callback 2/2 for Microsoft.VisualStudio.TestPlatform.CommandLine.Internal.ConsoleLogger.TestRunCompleteHandler, took 5 ms.
TpTrace Verbose: 0 : 28032, 13, 2022/11/27, 19:30:00.080, 42850134744, vstest.console.dll, TestRunRequest:TestRunComplete: Starting. IsAborted:False IsCanceled:False.
TpTrace Verbose: 0 : 28032, 13, 2022/11/27, 19:30:00.081, 42850143414, vstest.console.dll, TestLoggerManager.HandleTestRunComplete: Ignoring as the object is disposed.
TpTrace Verbose: 0 : 28032, 13, 2022/11/27, 19:30:00.081, 42850144769, vstest.console.dll, MulticastDelegateUtilities.SafeInvoke: TestRun.TestRunComplete: Invoking callback 1/2 for Microsoft.VisualStudio.TestPlatform.CommandLine.TestRunResultAggregator.TestRunCompletionHandler, took 0 ms.
TpTrace Verbose: 0 : 28032, 13, 2022/11/27, 19:30:00.081, 42850145249, vstest.console.dll, MulticastDelegateUtilities.SafeInvoke: TestRun.TestRunComplete: Invoking callback 2/2 for Microsoft.VisualStudio.TestPlatform.CommandLine.Processors.RunTestsArgumentExecutor+TestRunRequestEventsRegistrar.TestRunRequest_OnRunCompletion, took 0 ms.
TpTrace Information: 0 : 28032, 13, 2022/11/27, 19:30:00.081, 42850145897, vstest.console.dll, TestRunRequest:TestRunComplete: Completed.
TpTrace Verbose: 0 : 28032, 1, 2022/11/27, 19:30:00.081, 42850146004, vstest.console.dll, TestRunRequest.Dispose: Starting.
TpTrace Verbose: 0 : 28032, 13, 2022/11/27, 19:30:00.081, 42850146138, vstest.console.dll, TestRequestSender.SetOperationComplete: Setting operation complete.
TpTrace Information: 0 : 28032, 1, 2022/11/27, 19:30:00.081, 42850146445, vstest.console.dll, TestRunRequest.Dispose: Completed.
TpTrace Information: 0 : 28032, 1, 2022/11/27, 19:30:00.081, 42850147331, vstest.console.dll, TestRequestManager.RunTests: run tests completed.
TpTrace Information: 0 : 28032, 13, 2022/11/27, 19:30:00.081, 42850147531, vstest.console.dll, SocketServer.Stop: Stop server endPoint: 127.0.0.1:58264
TpTrace Information: 0 : 28032, 13, 2022/11/27, 19:30:00.081, 42850147715, vstest.console.dll, SocketServer.Stop: Cancellation requested. Stopping message loop.
TpTrace Verbose: 0 : 28032, 13, 2022/11/27, 19:30:00.082, 42850147888, vstest.console.dll, MulticastDelegateUtilities.SafeInvoke: LengthPrefixCommunicationChannel: MessageReceived: Invoking callback 1/1 for Microsoft.VisualStudio.TestPlatform.CommunicationUtilities.TestRequestSender+<>c__DisplayClass31_0.<StartTestRun>b__1, took 88 ms.
TpTrace Information: 0 : 28032, 1, 2022/11/27, 19:30:00.082, 42850147927, vstest.console.dll, RunTestsArgumentProcessor:Execute: Test run is completed.
TpTrace Information: 0 : 28032, 13, 2022/11/27, 19:30:00.082, 42850148134, vstest.console.dll, SocketServer.PrivateStop: Stopping server endPoint: 127.0.0.1:58264 error: 
TpTrace Verbose: 0 : 28032, 1, 2022/11/27, 19:30:00.082, 42850149369, vstest.console.dll, Executor.Execute: Exiting with exit code of 0
TpTrace Verbose: 0 : 28032, 13, 2022/11/27, 19:30:00.082, 42850151152, vstest.console.dll, LengthPrefixCommunicationChannel.Dispose: Dispose reader and writer.
TpTrace Information: 0 : 28032, 13, 2022/11/27, 19:30:00.082, 42850151610, vstest.console.dll, SocketServer.Stop: Raise disconnected event endPoint: 127.0.0.1:58264 error: 
TpTrace Verbose: 0 : 28032, 13, 2022/11/27, 19:30:00.082, 42850151946, vstest.console.dll, TestRequestSender: OnTestRunAbort: Operation is already complete. Skip error message.
TpTrace Verbose: 0 : 28032, 13, 2022/11/27, 19:30:00.082, 42850152168, vstest.console.dll, MulticastDelegateUtilities.SafeInvoke: SocketServer: ClientDisconnected: Invoking callback 1/1 for Microsoft.VisualStudio.TestPlatform.CommunicationUtilities.TestRequestSender.<InitializeCommunication>b__24_1, took 0 ms.
